TN:
SF:src\adapters\nodeRedOverview.adapter.ts
FN:8,adaptNodeRedOverview
FN:14,(anonymous_1)
FN:15,(anonymous_2)
FN:22,adaptVariables
FN:27,(anonymous_4)
FNF:5
FNH:5
FNDA:4,adaptNodeRedOverview
FNDA:3,(anonymous_1)
FNDA:2,(anonymous_2)
FNDA:2,adaptVariables
FNDA:2,(anonymous_4)
DA:9,4
DA:10,1
DA:13,3
DA:14,3
DA:15,2
DA:23,2
DA:24,1
DA:27,2
LF:8
LH:8
BRDA:9,0,0,1
BRDA:9,0,1,3
BRDA:9,1,0,4
BRDA:9,1,1,3
BRDA:14,2,0,3
BRDA:14,2,1,3
BRDA:23,3,0,1
BRDA:23,3,1,1
BRDA:23,4,0,2
BRDA:23,4,1,1
BRDA:29,5,0,2
BRDA:29,5,1,0
BRF:12
BRH:11
end_of_record
TN:
SF:src\components\admin\AdminActionButton.tsx
FN:17,AdminActionButton
FNF:1
FNH:1
FNDA:39,AdminActionButton
DA:9,2
DA:11,2
DA:23,39
DA:29,39
LF:4
LH:4
BRDA:20,0,0,39
BRF:1
BRH:1
end_of_record
TN:
SF:src\components\admin\AdminContextBar.tsx
FN:11,AdminContextBar
FNF:1
FNH:1
FNDA:3,AdminContextBar
DA:18,3
LF:1
LH:1
BRDA:26,0,0,3
BRDA:26,0,1,3
BRDA:29,1,0,3
BRDA:29,1,1,0
BRF:4
BRH:3
end_of_record
TN:
SF:src\components\admin\AdminDestructiveDialog.tsx
FN:33,AdminDestructiveDialog
FN:80,(anonymous_1)
FNF:2
FNH:1
FNDA:44,AdminDestructiveDialog
FNDA:0,(anonymous_1)
DA:46,44
DA:81,0
LF:2
LH:1
BRDA:42,0,0,44
BRDA:43,1,0,44
BRDA:74,2,0,44
BRDA:74,2,1,0
BRF:4
BRH:3
end_of_record
TN:
SF:src\components\admin\AdminDialog.tsx
FN:11,AdminDialog
FN:18,(anonymous_1)
FN:21,(anonymous_2)
FN:28,(anonymous_3)
FN:38,(anonymous_4)
FNF:5
FNH:4
FNDA:226,AdminDialog
FNDA:226,(anonymous_1)
FNDA:0,(anonymous_2)
FNDA:3,(anonymous_3)
FNDA:2,(anonymous_4)
DA:18,226
DA:19,226
DA:21,3
DA:22,0
DA:23,0
DA:27,3
DA:28,3
DA:29,3
DA:33,226
DA:35,3
DA:39,2
DA:40,0
LF:12
LH:9
BRDA:19,0,0,223
BRDA:19,0,1,3
BRDA:22,1,0,0
BRDA:22,1,1,0
BRDA:33,2,0,223
BRDA:33,2,1,3
BRDA:39,3,0,0
BRDA:39,3,1,2
BRF:8
BRH:5
end_of_record
TN:
SF:src\components\admin\AdminEmptyState.tsx
FN:8,AdminEmptyState
FNF:1
FNH:1
FNDA:3,AdminEmptyState
DA:9,3
LF:1
LH:1
BRF:0
BRH:0
end_of_record
TN:
SF:src\components\admin\AdminNumberInput.tsx
FN:30,AdminNumberInput
FN:49,(anonymous_1)
FN:55,(anonymous_2)
FN:62,(anonymous_3)
FN:67,(anonymous_4)
FN:79,(anonymous_5)
FN:84,(anonymous_6)
FN:90,(anonymous_7)
FN:128,(anonymous_8)
FN:136,(anonymous_9)
FNF:10
FNH:7
FNDA:125,AdminNumberInput
FNDA:59,(anonymous_1)
FNDA:12,(anonymous_2)
FNDA:5,(anonymous_3)
FNDA:5,(anonymous_4)
FNDA:5,(anonymous_5)
FNDA:12,(anonymous_6)
FNDA:0,(anonymous_7)
FNDA:0,(anonymous_8)
FNDA:0,(anonymous_9)
DA:45,125
DA:46,125
DA:49,125
DA:50,59
DA:51,54
DA:55,125
DA:56,12
DA:57,12
DA:58,0
DA:62,125
DA:63,5
DA:64,5
DA:67,125
DA:68,5
DA:69,5
DA:70,0
DA:72,5
DA:73,5
DA:74,0
DA:75,0
DA:79,125
DA:80,5
DA:81,5
DA:84,125
DA:85,12
DA:86,5
DA:90,125
DA:91,0
DA:92,0
DA:93,0
DA:94,0
DA:95,0
DA:96,0
DA:99,125
DA:128,0
DA:136,0
LF:36
LH:24
BRDA:33,0,0,125
BRDA:36,1,0,125
BRDA:40,2,0,125
BRDA:41,3,0,125
BRDA:42,4,0,125
BRDA:45,5,0,125
BRDA:45,5,1,0
BRDA:50,6,0,54
BRDA:50,6,1,5
BRDA:51,7,0,54
BRDA:51,7,1,0
BRDA:57,8,0,0
BRDA:57,8,1,12
BRDA:68,9,0,0
BRDA:68,9,1,5
BRDA:68,10,0,5
BRDA:68,10,1,5
BRDA:69,11,0,0
BRDA:69,11,1,5
BRDA:72,12,0,5
BRDA:72,12,1,0
BRDA:74,13,0,0
BRDA:74,13,1,0
BRDA:74,14,0,0
BRDA:74,14,1,0
BRDA:85,15,0,5
BRDA:85,15,1,7
BRDA:85,16,0,12
BRDA:85,16,1,5
BRDA:91,17,0,0
BRDA:91,17,1,0
BRDA:93,18,0,0
BRDA:93,18,1,0
BRDA:94,19,0,0
BRDA:94,19,1,0
BRDA:101,20,0,125
BRDA:101,20,1,15
BRDA:102,21,0,15
BRDA:102,21,1,0
BRDA:119,22,0,15
BRDA:119,22,1,110
BRDA:120,23,0,45
BRDA:120,23,1,80
BRDA:123,24,0,125
BRDA:123,24,1,80
BRF:45
BRH:28
end_of_record
TN:
SF:src\components\admin\AdminSelect.tsx
FN:29,AdminSelect
FN:33,(anonymous_1)
FN:39,(anonymous_2)
FN:44,(anonymous_3)
FN:48,(anonymous_4)
FN:74,(anonymous_5)
FN:84,(anonymous_6)
FN:88,(anonymous_7)
FNF:8
FNH:7
FNDA:74,AdminSelect
FNDA:44,(anonymous_1)
FNDA:6,(anonymous_2)
FNDA:6,(anonymous_3)
FNDA:93,(anonymous_4)
FNDA:0,(anonymous_5)
FNDA:445,(anonymous_6)
FNDA:4,(anonymous_7)
DA:30,74
DA:31,74
DA:33,74
DA:34,44
DA:35,5
DA:39,74
DA:40,6
DA:41,0
DA:44,6
DA:47,74
DA:48,93
DA:49,74
DA:51,74
DA:74,0
DA:85,445
DA:89,4
DA:90,4
DA:91,4
LF:18
LH:16
BRDA:29,0,0,74
BRDA:29,1,0,74
BRDA:34,2,0,5
BRDA:34,2,1,39
BRDA:40,3,0,0
BRDA:40,3,1,6
BRDA:49,4,0,74
BRDA:49,4,1,18
BRDA:49,4,2,0
BRDA:59,5,0,5
BRDA:59,5,1,69
BRDA:65,6,0,74
BRDA:65,6,1,12
BRDA:68,7,0,6
BRDA:68,7,1,68
BRDA:89,8,0,4
BRDA:89,8,1,0
BRDA:95,9,0,0
BRDA:95,9,1,445
BRDA:97,10,0,56
BRDA:97,10,1,389
BRDA:103,11,0,445
BRDA:103,11,1,132
BRF:23
BRH:19
end_of_record
TN:
SF:src\components\admin\AdminTag.tsx
FN:26,AdminTag
FNF:1
FNH:1
FNDA:64,AdminTag
DA:15,2
DA:17,2
DA:27,64
LF:3
LH:3
BRDA:28,0,0,0
BRDA:28,0,1,64
BRF:2
BRH:1
end_of_record
TN:
SF:src\components\admin\AdminWorkspaceLayout.tsx
FN:17,AdminWorkspaceLayout
FN:62,WorkspaceColumn
FNF:2
FNH:2
FNDA:3,AdminWorkspaceLayout
FNDA:6,WorkspaceColumn
DA:27,3
DA:28,3
DA:29,3
DA:31,3
DA:36,3
DA:63,6
LF:6
LH:6
BRDA:23,0,0,3
BRDA:24,1,0,3
BRDA:25,2,0,3
BRDA:39,3,0,0
BRDA:39,3,1,3
BRDA:54,4,0,0
BRDA:54,4,1,3
BRDA:65,5,0,6
BRDA:65,5,1,0
BRF:9
BRH:6
end_of_record
TN:
SF:src\components\admin\BuilderCanvas.tsx
FN:64,isInputElement
FN:68,isSpaceKey
FN:72,isFiniteLayout
FN:73,(anonymous_3)
FN:76,resolveCommittedLayout
FN:103,ResizeHandle
FN:128,BuilderCanvas
FN:147,(anonymous_7)
FN:148,(anonymous_8)
FN:166,(anonymous_9)
FN:173,(anonymous_10)
FN:177,(anonymous_11)
FN:182,(anonymous_12)
FN:191,(anonymous_13)
FN:199,(anonymous_14)
FN:207,(anonymous_15)
FN:207,(anonymous_16)
FN:212,(anonymous_17)
FN:213,(anonymous_18)
FN:217,(anonymous_19)
FN:224,(anonymous_20)
FN:230,(anonymous_21)
FN:238,(anonymous_22)
FN:273,(anonymous_23)
FN:306,(anonymous_24)
FN:335,(anonymous_25)
FN:341,(anonymous_26)
FN:363,(anonymous_27)
FN:374,(anonymous_28)
FN:380,(anonymous_29)
FN:393,(anonymous_30)
FN:397,(anonymous_31)
FN:410,(anonymous_32)
FN:456,(anonymous_33)
FN:490,(anonymous_34)
FN:504,(anonymous_35)
FN:510,(anonymous_36)
FN:515,(anonymous_37)
FN:523,(anonymous_38)
FN:545,(anonymous_39)
FNF:40
FNH:36
FNDA:15,isInputElement
FNDA:6,isSpaceKey
FNDA:5,isFiniteLayout
FNDA:20,(anonymous_3)
FNDA:5,resolveCommittedLayout
FNDA:12,ResizeHandle
FNDA:54,BuilderCanvas
FNDA:60,(anonymous_7)
FNDA:174,(anonymous_8)
FNDA:14,(anonymous_9)
FNDA:3,(anonymous_10)
FNDA:2,(anonymous_11)
FNDA:5,(anonymous_12)
FNDA:1,(anonymous_13)
FNDA:18,(anonymous_14)
FNDA:12,(anonymous_15)
FNDA:12,(anonymous_16)
FNDA:12,(anonymous_17)
FNDA:4,(anonymous_18)
FNDA:1,(anonymous_19)
FNDA:12,(anonymous_20)
FNDA:5,(anonymous_21)
FNDA:6,(anonymous_22)
FNDA:6,(anonymous_23)
FNDA:6,(anonymous_24)
FNDA:6,(anonymous_25)
FNDA:10,(anonymous_26)
FNDA:1,(anonymous_27)
FNDA:0,(anonymous_28)
FNDA:1,(anonymous_29)
FNDA:8,(anonymous_30)
FNDA:1,(anonymous_31)
FNDA:10,(anonymous_32)
FNDA:60,(anonymous_33)
FNDA:4,(anonymous_34)
FNDA:0,(anonymous_35)
FNDA:0,(anonymous_36)
FNDA:0,(anonymous_37)
FNDA:2,(anonymous_38)
FNDA:60,(anonymous_39)
DA:47,1
DA:65,15
DA:69,6
DA:73,20
DA:82,5
DA:84,5
DA:85,0
DA:88,5
DA:89,2
DA:90,2
DA:92,2
DA:100,3
DA:110,12
DA:146,54
DA:147,60
DA:148,174
DA:149,54
DA:154,54
DA:155,54
DA:156,54
DA:157,54
DA:158,54
DA:160,54
DA:161,54
DA:162,54
DA:163,54
DA:164,54
DA:166,54
DA:167,14
DA:168,14
DA:169,14
DA:170,14
DA:173,54
DA:174,3
DA:177,54
DA:178,2
DA:179,2
DA:182,54
DA:183,5
DA:184,2
DA:187,3
DA:188,3
DA:191,54
DA:192,1
DA:193,0
DA:196,1
DA:199,54
DA:200,18
DA:201,18
DA:202,18
DA:203,18
DA:204,18
DA:207,54
DA:208,12
DA:209,12
DA:212,54
DA:213,12
DA:214,4
DA:217,12
DA:218,1
DA:221,12
DA:222,12
DA:224,12
DA:225,12
DA:226,12
DA:230,54
DA:231,5
DA:233,5
DA:234,0
DA:238,54
DA:243,6
DA:244,0
DA:247,6
DA:248,0
DA:251,6
DA:252,6
DA:253,2
DA:256,6
DA:257,6
DA:258,6
DA:268,6
DA:269,6
DA:270,6
DA:271,6
DA:273,6
DA:274,6
DA:276,6
DA:277,0
DA:280,6
DA:281,6
DA:282,6
DA:283,6
DA:287,6
DA:296,6
DA:302,6
DA:303,6
DA:306,6
DA:307,6
DA:309,6
DA:310,0
DA:311,0
DA:314,6
DA:315,1
DA:316,1
DA:317,1
DA:320,5
DA:330,5
DA:333,6
DA:334,6
DA:335,6
DA:336,6
DA:337,6
DA:341,54
DA:342,10
DA:343,9
DA:346,1
DA:348,10
DA:349,0
DA:352,1
DA:353,1
DA:355,1
DA:360,1
DA:361,1
DA:363,1
DA:364,1
DA:366,1
DA:367,0
DA:370,1
DA:371,1
DA:374,1
DA:375,0
DA:378,1
DA:379,1
DA:380,1
DA:381,1
DA:382,1
DA:386,54
DA:394,8
DA:395,8
DA:398,1
DA:400,1
DA:401,0
DA:404,1
DA:405,1
DA:406,1
DA:411,10
DA:412,9
DA:413,9
DA:414,9
DA:417,10
DA:457,60
DA:458,0
DA:461,60
DA:462,60
DA:463,0
DA:466,60
DA:467,60
DA:468,60
DA:484,60
DA:490,4
DA:504,0
DA:510,0
DA:515,0
DA:523,2
DA:545,60
LF:165
LH:148
BRDA:65,0,0,15
BRDA:65,0,1,12
BRDA:69,1,0,6
BRDA:69,1,1,0
BRDA:69,1,2,0
BRDA:84,2,0,0
BRDA:84,2,1,5
BRDA:88,3,0,2
BRDA:88,3,1,3
BRDA:141,4,0,54
BRDA:143,5,0,54
BRDA:144,6,0,54
BRDA:183,7,0,2
BRDA:183,7,1,3
BRDA:183,8,0,5
BRDA:183,8,1,5
BRDA:183,8,2,5
BRDA:183,8,3,5
BRDA:192,9,0,0
BRDA:192,9,1,1
BRDA:233,10,0,0
BRDA:233,10,1,5
BRDA:233,11,0,5
BRDA:233,11,1,0
BRDA:243,12,0,0
BRDA:243,12,1,6
BRDA:247,13,0,0
BRDA:247,13,1,6
BRDA:252,14,0,2
BRDA:252,14,1,4
BRDA:270,15,0,2
BRDA:270,15,1,4
BRDA:276,16,0,0
BRDA:276,16,1,6
BRDA:283,17,0,2
BRDA:283,17,1,4
BRDA:285,18,0,4
BRDA:285,18,1,4
BRDA:287,19,0,1
BRDA:287,19,1,5
BRDA:287,20,0,6
BRDA:287,20,1,4
BRDA:309,21,0,0
BRDA:309,21,1,6
BRDA:314,22,0,1
BRDA:314,22,1,5
BRDA:314,23,0,6
BRDA:314,23,1,4
BRDA:342,24,0,9
BRDA:342,24,1,1
BRDA:342,25,0,10
BRDA:342,25,1,1
BRDA:348,26,0,0
BRDA:348,26,1,10
BRDA:366,27,0,0
BRDA:366,27,1,1
BRDA:392,28,0,1
BRDA:392,28,1,53
BRDA:392,29,0,3
BRDA:392,29,1,50
BRDA:400,30,0,0
BRDA:400,30,1,1
BRDA:411,31,0,9
BRDA:411,31,1,1
BRDA:432,32,0,53
BRDA:432,32,1,1
BRDA:440,33,0,53
BRDA:440,33,1,1
BRDA:457,34,0,0
BRDA:457,34,1,60
BRDA:462,35,0,0
BRDA:462,35,1,60
BRDA:467,36,0,12
BRDA:467,36,1,48
BRDA:468,37,0,12
BRDA:468,37,1,48
BRDA:500,38,0,0
BRDA:500,38,1,60
BRDA:500,39,0,60
BRDA:500,39,1,0
BRDA:520,40,0,60
BRDA:520,40,1,12
BRDA:545,41,0,54
BRDA:545,41,1,0
BRF:84
BRH:66
end_of_record
TN:
SF:src\components\admin\CatalogVariableSelector.tsx
FN:18,CatalogVariableSelector
FN:34,(anonymous_1)
FN:35,(anonymous_2)
FN:40,(anonymous_3)
FN:46,(anonymous_4)
FN:52,(anonymous_5)
FN:57,(anonymous_6)
FN:60,(anonymous_7)
FN:115,(anonymous_8)
FN:116,(anonymous_9)
FN:156,(anonymous_10)
FN:171,(anonymous_11)
FN:194,(anonymous_12)
FN:215,(anonymous_13)
FNF:14
FNH:0
FNDA:0,CatalogVariableSelector
FNDA:0,(anonymous_1)
FNDA:0,(anonymous_2)
FNDA:0,(anonymous_3)
FNDA:0,(anonymous_4)
FNDA:0,(anonymous_5)
FNDA:0,(anonymous_6)
FNDA:0,(anonymous_7)
FNDA:0,(anonymous_8)
FNDA:0,(anonymous_9)
FNDA:0,(anonymous_10)
FNDA:0,(anonymous_11)
FNDA:0,(anonymous_12)
FNDA:0,(anonymous_13)
DA:28,0
DA:29,0
DA:30,0
DA:31,0
DA:32,0
DA:34,0
DA:35,0
DA:36,0
DA:37,0
DA:38,0
DA:40,0
DA:41,0
DA:42,0
DA:46,0
DA:47,0
DA:48,0
DA:49,0
DA:52,0
DA:53,0
DA:54,0
DA:57,0
DA:60,0
DA:61,0
DA:62,0
DA:63,0
DA:66,0
DA:67,0
DA:70,0
DA:115,0
DA:117,0
DA:118,0
DA:119,0
DA:121,0
DA:122,0
DA:123,0
DA:157,0
DA:159,0
DA:172,0
DA:173,0
DA:195,0
DA:196,0
DA:197,0
DA:198,0
DA:215,0
LF:44
LH:0
BRDA:25,0,0,0
BRDA:26,1,0,0
BRDA:36,2,0,0
BRDA:36,2,1,0
BRDA:38,3,0,0
BRDA:38,3,1,0
BRDA:38,3,2,0
BRDA:41,4,0,0
BRDA:41,4,1,0
BRDA:41,5,0,0
BRDA:41,5,1,0
BRDA:53,6,0,0
BRDA:53,6,1,0
BRDA:62,7,0,0
BRDA:62,7,1,0
BRDA:77,8,0,0
BRDA:77,8,1,0
BRDA:77,9,0,0
BRDA:77,9,1,0
BRDA:80,10,0,0
BRDA:80,10,1,0
BRDA:88,11,0,0
BRDA:88,11,1,0
BRDA:88,12,0,0
BRDA:88,12,1,0
BRDA:91,13,0,0
BRDA:91,13,1,0
BRDA:91,14,0,0
BRDA:91,14,1,0
BRDA:96,15,0,0
BRDA:96,15,1,0
BRDA:104,16,0,0
BRDA:104,16,1,0
BRDA:117,17,0,0
BRDA:117,17,1,0
BRDA:121,18,0,0
BRDA:121,18,1,0
BRDA:150,19,0,0
BRDA:150,19,1,0
BRDA:157,20,0,0
BRDA:157,20,1,0
BRDA:163,21,0,0
BRDA:163,21,1,0
BRDA:176,22,0,0
BRDA:176,22,1,0
BRDA:178,23,0,0
BRDA:178,23,1,0
BRDA:184,24,0,0
BRDA:184,24,1,0
BRDA:191,25,0,0
BRDA:191,25,1,0
BRF:51
BRH:0
end_of_record
TN:
SF:src\components\admin\ContextBarNotice.tsx
FN:12,ContextBarNotice
FNF:1
FNH:1
FNDA:35,ContextBarNotice
DA:13,35
LF:1
LH:1
BRDA:15,0,0,0
BRDA:15,0,1,35
BRF:2
BRH:1
end_of_record
TN:
SF:src\components\admin\DashboardSettingsPanel.tsx
FN:27,DashboardSettingsPanel
FN:38,(anonymous_1)
FN:50,(anonymous_2)
FN:81,(anonymous_3)
FN:100,(anonymous_4)
FNF:5
FNH:5
FNDA:10,DashboardSettingsPanel
FNDA:2,(anonymous_1)
FNDA:3,(anonymous_2)
FNDA:30,(anonymous_3)
FNDA:1,(anonymous_4)
DA:21,2
DA:22,2
DA:23,2
DA:24,2
DA:25,2
DA:35,10
DA:36,10
DA:38,10
DA:39,2
DA:41,2
DA:42,0
DA:43,0
DA:46,2
DA:47,2
DA:50,10
DA:51,3
DA:53,3
DA:54,1
DA:55,1
DA:58,2
DA:59,2
DA:62,10
DA:82,30
DA:84,30
DA:100,1
LF:25
LH:23
BRDA:41,0,0,0
BRDA:41,0,1,2
BRDA:41,1,0,2
BRDA:41,1,1,2
BRDA:41,1,2,2
BRDA:53,2,0,1
BRDA:53,2,1,2
BRDA:53,3,0,3
BRDA:53,3,1,3
BRDA:53,3,2,2
BRDA:89,4,0,10
BRDA:89,4,1,20
BRDA:129,5,0,0
BRDA:129,5,1,10
BRDA:160,6,0,1
BRDA:160,6,1,9
BRF:16
BRH:14
end_of_record
TN:
SF:src\components\admin\DockInfoBox.tsx
FN:29,DockInfoBox
FNF:1
FNH:0
FNDA:0,DockInfoBox
DA:11,1
DA:30,0
DA:32,0
LF:3
LH:1
BRF:0
BRH:0
end_of_record
TN:
SF:src\components\admin\HierarchyActionsRail.tsx
FN:14,HierarchyActionsRail
FN:46,RailButton
FNF:2
FNH:2
FNDA:3,HierarchyActionsRail
FNDA:15,RailButton
DA:23,3
DA:25,3
DA:57,15
LF:3
LH:3
BRDA:64,0,0,12
BRDA:64,0,1,3
BRF:2
BRH:2
end_of_record
TN:
SF:src\components\admin\HierarchyTree.tsx
FN:33,NodeIcon
FN:34,(anonymous_1)
FN:49,TreeNode
FN:70,(anonymous_3)
FN:86,(anonymous_4)
FN:122,(anonymous_5)
FN:141,HierarchyTree
FN:162,(anonymous_7)
FNF:8
FNH:7
FNDA:3,NodeIcon
FNDA:4,(anonymous_1)
FNDA:3,TreeNode
FNDA:1,(anonymous_3)
FNDA:0,(anonymous_4)
FNDA:1,(anonymous_5)
FNDA:2,HierarchyTree
FNDA:2,(anonymous_7)
DA:34,4
DA:35,3
DA:36,3
DA:37,3
DA:38,3
DA:40,3
DA:41,0
DA:42,0
DA:45,3
DA:66,3
DA:67,3
DA:68,3
DA:70,3
DA:71,1
DA:72,1
DA:75,3
DA:77,3
DA:86,0
DA:123,1
DA:149,2
DA:150,0
DA:160,2
DA:163,2
LF:23
LH:19
BRDA:35,0,0,3
BRDA:35,0,1,0
BRDA:37,1,0,3
BRDA:37,1,1,0
BRDA:37,1,2,0
BRDA:38,2,0,3
BRDA:38,2,1,0
BRDA:40,3,0,0
BRDA:40,3,1,3
BRDA:41,4,0,0
BRDA:41,4,1,0
BRDA:72,5,0,1
BRDA:72,5,1,0
BRDA:81,6,0,0
BRDA:81,6,1,3
BRDA:91,7,0,2
BRDA:91,7,1,1
BRDA:95,8,0,3
BRDA:95,8,1,2
BRDA:96,9,0,1
BRDA:96,9,1,1
BRDA:111,10,0,3
BRDA:111,10,1,0
BRDA:120,11,0,3
BRDA:120,11,1,2
BRDA:120,11,2,1
BRDA:149,12,0,0
BRDA:149,12,1,2
BRF:28
BRH:17
end_of_record
TN:
SF:src\components\admin\NodeTypeConfigDialog.tsx
FN:84,getColorLabel
FN:88,normalizeNodeTypeTerm
FN:96,slugifyNodeTypeKey
FN:102,generateNodeTypeKey
FN:122,buildNewNodeType
FN:132,getReservedKeys
FN:133,(anonymous_6)
FN:139,buildSanitizedTypes
FN:142,(anonymous_8)
FN:143,(anonymous_9)
FN:147,(anonymous_10)
FN:166,NodeTypeConfigDialog
FN:176,(anonymous_12)
FN:178,(anonymous_13)
FN:183,(anonymous_14)
FN:183,(anonymous_15)
FN:188,(anonymous_16)
FN:190,(anonymous_17)
FN:191,(anonymous_18)
FN:195,(anonymous_19)
FN:200,(anonymous_20)
FN:201,(anonymous_21)
FN:201,(anonymous_22)
FN:218,(anonymous_23)
FN:219,(anonymous_24)
FN:219,(anonymous_25)
FN:229,(anonymous_26)
FN:235,(anonymous_27)
FN:243,(anonymous_28)
FN:243,(anonymous_29)
FN:246,(anonymous_30)
FN:249,(anonymous_31)
FN:249,(anonymous_32)
FN:253,(anonymous_33)
FN:257,(anonymous_34)
FN:270,(anonymous_35)
FN:296,(anonymous_36)
FN:321,(anonymous_37)
FN:332,(anonymous_38)
FN:333,(anonymous_39)
FN:345,(anonymous_40)
FN:357,(anonymous_41)
FN:377,(anonymous_42)
FN:377,(anonymous_43)
FN:393,(anonymous_44)
FNF:45
FNH:9
FNDA:33,getColorLabel
FNDA:0,normalizeNodeTypeTerm
FNDA:0,slugifyNodeTypeKey
FNDA:0,generateNodeTypeKey
FNDA:0,buildNewNodeType
FNDA:0,getReservedKeys
FNDA:0,(anonymous_6)
FNDA:1,buildSanitizedTypes
FNDA:0,(anonymous_8)
FNDA:0,(anonymous_9)
FNDA:0,(anonymous_10)
FNDA:3,NodeTypeConfigDialog
FNDA:2,(anonymous_12)
FNDA:0,(anonymous_13)
FNDA:1,(anonymous_14)
FNDA:0,(anonymous_15)
FNDA:1,(anonymous_16)
FNDA:1,(anonymous_17)
FNDA:0,(anonymous_18)
FNDA:0,(anonymous_19)
FNDA:0,(anonymous_20)
FNDA:0,(anonymous_21)
FNDA:0,(anonymous_22)
FNDA:0,(anonymous_23)
FNDA:0,(anonymous_24)
FNDA:0,(anonymous_25)
FNDA:0,(anonymous_26)
FNDA:0,(anonymous_27)
FNDA:0,(anonymous_28)
FNDA:0,(anonymous_29)
FNDA:0,(anonymous_30)
FNDA:0,(anonymous_31)
FNDA:0,(anonymous_32)
FNDA:0,(anonymous_33)
FNDA:51,(anonymous_34)
FNDA:33,(anonymous_35)
FNDA:0,(anonymous_36)
FNDA:0,(anonymous_37)
FNDA:0,(anonymous_38)
FNDA:0,(anonymous_39)
FNDA:0,(anonymous_40)
FNDA:0,(anonymous_41)
FNDA:0,(anonymous_42)
FNDA:0,(anonymous_43)
FNDA:0,(anonymous_44)
DA:27,1
DA:85,33
DA:89,0
DA:97,0
DA:103,0
DA:104,0
DA:105,0
DA:106,0
DA:108,0
DA:110,0
DA:111,0
DA:112,0
DA:114,0
DA:115,0
DA:116,0
DA:119,0
DA:123,0
DA:133,0
DA:134,0
DA:135,0
DA:140,1
DA:142,0
DA:143,0
DA:147,1
DA:148,0
DA:149,0
DA:153,0
DA:154,0
DA:157,0
DA:173,3
DA:174,3
DA:176,3
DA:177,2
DA:178,0
DA:179,0
DA:182,3
DA:183,1
DA:186,3
DA:188,3
DA:190,3
DA:191,1
DA:192,1
DA:195,3
DA:196,0
DA:197,0
DA:200,3
DA:201,0
DA:202,0
DA:204,0
DA:206,0
DA:207,0
DA:210,0
DA:211,0
DA:214,0
DA:218,3
DA:219,0
DA:220,0
DA:222,0
DA:229,3
DA:230,0
DA:231,0
DA:232,0
DA:235,3
DA:236,0
DA:238,0
DA:239,0
DA:240,0
DA:243,0
DA:246,3
DA:247,0
DA:249,0
DA:250,0
DA:253,3
DA:254,0
DA:257,3
DA:258,51
DA:259,51
DA:261,51
DA:270,33
DA:276,3
DA:297,0
DA:298,0
DA:299,0
DA:300,0
DA:301,0
DA:305,0
DA:321,0
DA:332,0
DA:333,0
DA:345,0
DA:357,0
DA:377,0
DA:393,0
LF:93
LH:28
BRDA:105,0,0,0
BRDA:105,0,1,0
BRDA:106,1,0,0
BRDA:106,1,1,0
BRDA:108,2,0,0
BRDA:108,2,1,0
BRDA:127,3,0,0
BRDA:127,3,1,0
BRDA:134,4,0,0
BRDA:134,4,1,0
BRDA:134,5,0,0
BRDA:134,5,1,0
BRDA:149,6,0,0
BRDA:149,6,1,0
BRDA:153,7,0,0
BRDA:153,7,1,0
BRDA:153,8,0,0
BRDA:153,8,1,0
BRDA:160,9,0,0
BRDA:160,9,1,0
BRDA:161,10,0,0
BRDA:161,10,1,0
BRDA:161,10,2,0
BRDA:177,11,0,2
BRDA:177,11,1,0
BRDA:183,12,0,1
BRDA:183,12,1,1
BRDA:186,13,0,0
BRDA:186,13,1,3
BRDA:186,14,0,0
BRDA:186,14,1,0
BRDA:196,15,0,0
BRDA:196,15,1,0
BRDA:197,16,0,0
BRDA:197,16,1,0
BRDA:197,16,2,0
BRDA:197,16,3,0
BRDA:202,17,0,0
BRDA:202,17,1,0
BRDA:206,18,0,0
BRDA:206,18,1,0
BRDA:206,19,0,0
BRDA:206,19,1,0
BRDA:210,20,0,0
BRDA:210,20,1,0
BRDA:210,21,0,0
BRDA:210,21,1,0
BRDA:211,22,0,0
BRDA:211,22,1,0
BRDA:211,22,2,0
BRDA:220,23,0,0
BRDA:220,23,1,0
BRDA:220,24,0,0
BRDA:220,24,1,0
BRDA:220,24,2,0
BRDA:230,25,0,0
BRDA:230,25,1,0
BRDA:231,26,0,0
BRDA:231,26,1,0
BRDA:236,27,0,0
BRDA:236,27,1,0
BRDA:238,28,0,0
BRDA:238,28,1,0
BRDA:247,29,0,0
BRDA:247,29,1,0
BRDA:264,30,0,3
BRDA:264,30,1,48
BRDA:288,31,0,3
BRDA:288,31,1,0
BRDA:288,31,2,0
BRDA:297,32,0,0
BRDA:297,32,1,0
BRDA:298,33,0,0
BRDA:298,33,1,0
BRDA:299,34,0,0
BRDA:299,34,1,0
BRDA:299,34,2,0
BRDA:300,35,0,0
BRDA:300,35,1,0
BRDA:301,36,0,0
BRDA:301,36,1,0
BRDA:313,37,0,0
BRDA:313,37,1,0
BRDA:347,38,0,0
BRDA:347,38,1,0
BRDA:363,39,0,0
BRDA:363,39,1,0
BRDA:365,40,0,0
BRDA:365,40,1,0
BRDA:306,41,0,0
BRDA:306,41,1,0
BRDA:380,42,0,3
BRDA:380,42,1,3
BRDA:380,42,2,0
BRDA:397,43,0,0
BRDA:397,43,1,3
BRF:96
BRH:10
end_of_record
TN:
SF:src\components\admin\PropertyDock.tsx
FN:104,(anonymous_0)
FN:110,PropertyDock
FN:136,(anonymous_2)
FN:153,(anonymous_3)
FN:157,(anonymous_4)
FN:167,(anonymous_5)
FN:172,(anonymous_6)
FN:181,(anonymous_7)
FN:189,(anonymous_8)
FN:205,(anonymous_9)
FN:218,(anonymous_10)
FN:232,(anonymous_11)
FN:244,(anonymous_12)
FN:254,(anonymous_13)
FN:265,(anonymous_14)
FN:267,(anonymous_15)
FN:276,(anonymous_16)
FN:289,(anonymous_17)
FN:310,(anonymous_18)
FN:320,(anonymous_19)
FN:332,(anonymous_20)
FN:381,(anonymous_21)
FN:392,(anonymous_22)
FN:404,(anonymous_23)
FN:412,(anonymous_24)
FN:422,(anonymous_25)
FN:458,(anonymous_26)
FN:470,(anonymous_27)
FN:483,(anonymous_28)
FN:497,(anonymous_29)
FN:512,(anonymous_30)
FN:529,(anonymous_31)
FN:543,(anonymous_32)
FN:549,(anonymous_33)
FN:559,(anonymous_34)
FN:565,(anonymous_35)
FN:576,(anonymous_36)
FN:589,(anonymous_37)
FN:595,(anonymous_38)
FN:611,(anonymous_39)
FN:641,(anonymous_40)
FN:663,(anonymous_41)
FN:683,(anonymous_42)
FN:696,(anonymous_43)
FN:701,(anonymous_44)
FN:719,(anonymous_45)
FN:728,(anonymous_46)
FN:737,(anonymous_47)
FN:746,(anonymous_48)
FN:784,(anonymous_49)
FN:794,(anonymous_50)
FN:820,(anonymous_51)
FN:830,(anonymous_52)
FN:852,(anonymous_53)
FN:859,(anonymous_54)
FN:870,(anonymous_55)
FN:891,(anonymous_56)
FN:921,(anonymous_57)
FN:924,(anonymous_58)
FN:925,(anonymous_59)
FN:938,(anonymous_60)
FN:941,(anonymous_61)
FN:942,(anonymous_62)
FN:961,(anonymous_63)
FN:979,(anonymous_64)
FN:993,(anonymous_65)
FN:1008,(anonymous_66)
FN:1010,(anonymous_67)
FN:1020,(anonymous_68)
FN:1031,(anonymous_69)
FN:1033,(anonymous_70)
FN:1043,(anonymous_71)
FN:1061,(anonymous_72)
FN:1076,(anonymous_73)
FN:1095,(anonymous_74)
FN:1109,(anonymous_75)
FN:1118,(anonymous_76)
FN:1127,(anonymous_77)
FN:1136,(anonymous_78)
FN:1151,(anonymous_79)
FN:1167,DockFieldRow
FN:1195,DockSection
FN:1212,(anonymous_82)
FN:1212,(anonymous_83)
FNF:84
FNH:13
FNDA:5,(anonymous_0)
FNDA:12,PropertyDock
FNDA:0,(anonymous_2)
FNDA:0,(anonymous_3)
FNDA:0,(anonymous_4)
FNDA:0,(anonymous_5)
FNDA:0,(anonymous_6)
FNDA:0,(anonymous_7)
FNDA:3,(anonymous_8)
FNDA:1,(anonymous_9)
FNDA:0,(anonymous_10)
FNDA:0,(anonymous_11)
FNDA:0,(anonymous_12)
FNDA:8,(anonymous_13)
FNDA:0,(anonymous_14)
FNDA:0,(anonymous_15)
FNDA:12,(anonymous_16)
FNDA:12,(anonymous_17)
FNDA:0,(anonymous_18)
FNDA:192,(anonymous_19)
FNDA:0,(anonymous_20)
FNDA:0,(anonymous_21)
FNDA:0,(anonymous_22)
FNDA:0,(anonymous_23)
FNDA:12,(anonymous_24)
FNDA:0,(anonymous_25)
FNDA:0,(anonymous_26)
FNDA:0,(anonymous_27)
FNDA:0,(anonymous_28)
FNDA:0,(anonymous_29)
FNDA:0,(anonymous_30)
FNDA:0,(anonymous_31)
FNDA:0,(anonymous_32)
FNDA:0,(anonymous_33)
FNDA:0,(anonymous_34)
FNDA:0,(anonymous_35)
FNDA:0,(anonymous_36)
FNDA:0,(anonymous_37)
FNDA:0,(anonymous_38)
FNDA:0,(anonymous_39)
FNDA:0,(anonymous_40)
FNDA:0,(anonymous_41)
FNDA:0,(anonymous_42)
FNDA:0,(anonymous_43)
FNDA:0,(anonymous_44)
FNDA:0,(anonymous_45)
FNDA:0,(anonymous_46)
FNDA:0,(anonymous_47)
FNDA:0,(anonymous_48)
FNDA:0,(anonymous_49)
FNDA:16,(anonymous_50)
FNDA:0,(anonymous_51)
FNDA:7,(anonymous_52)
FNDA:0,(anonymous_53)
FNDA:0,(anonymous_54)
FNDA:0,(anonymous_55)
FNDA:0,(anonymous_56)
FNDA:0,(anonymous_57)
FNDA:0,(anonymous_58)
FNDA:0,(anonymous_59)
FNDA:0,(anonymous_60)
FNDA:0,(anonymous_61)
FNDA:0,(anonymous_62)
FNDA:0,(anonymous_63)
FNDA:0,(anonymous_64)
FNDA:0,(anonymous_65)
FNDA:0,(anonymous_66)
FNDA:0,(anonymous_67)
FNDA:0,(anonymous_68)
FNDA:0,(anonymous_69)
FNDA:0,(anonymous_70)
FNDA:0,(anonymous_71)
FNDA:0,(anonymous_72)
FNDA:0,(anonymous_73)
FNDA:0,(anonymous_74)
FNDA:0,(anonymous_75)
FNDA:0,(anonymous_76)
FNDA:0,(anonymous_77)
FNDA:0,(anonymous_78)
FNDA:0,(anonymous_79)
FNDA:144,DockFieldRow
FNDA:48,DockSection
FNDA:0,(anonymous_82)
FNDA:0,(anonymous_83)
DA:67,1
DA:68,1
DA:69,1
DA:70,1
DA:71,1
DA:73,1
DA:87,1
DA:92,1
DA:104,5
DA:124,12
DA:125,12
DA:126,12
DA:136,12
DA:137,0
DA:139,0
DA:140,0
DA:141,0
DA:142,0
DA:143,0
DA:144,0
DA:146,0
DA:150,0
DA:153,12
DA:154,0
DA:157,12
DA:158,0
DA:159,0
DA:160,0
DA:164,12
DA:165,12
DA:167,12
DA:168,0
DA:169,0
DA:172,12
DA:173,0
DA:174,0
DA:175,0
DA:181,12
DA:182,0
DA:183,0
DA:189,12
DA:190,3
DA:192,3
DA:194,3
DA:205,12
DA:206,1
DA:207,1
DA:218,12
DA:219,0
DA:221,0
DA:222,0
DA:229,0
DA:232,0
DA:234,0
DA:244,12
DA:245,0
DA:246,0
DA:247,0
DA:248,0
DA:252,12
DA:253,12
DA:254,8
DA:256,12
DA:257,12
DA:258,12
DA:259,12
DA:260,12
DA:261,12
DA:262,12
DA:263,12
DA:264,12
DA:265,0
DA:267,12
DA:268,12
DA:269,12
DA:270,12
DA:271,12
DA:272,12
DA:273,12
DA:276,12
DA:277,12
DA:278,12
DA:280,12
DA:285,12
DA:290,12
DA:291,12
DA:292,12
DA:293,12
DA:294,12
DA:296,12
DA:311,0
DA:312,0
DA:314,0
DA:315,0
DA:320,192
DA:332,0
DA:343,12
DA:344,0
DA:360,12
DA:381,0
DA:392,0
DA:404,0
DA:413,12
DA:418,12
DA:419,0
DA:420,0
DA:423,0
DA:424,0
DA:425,0
DA:427,0
DA:428,0
DA:429,0
DA:431,0
DA:458,0
DA:470,0
DA:483,0
DA:497,0
DA:512,0
DA:529,0
DA:544,0
DA:549,0
DA:560,0
DA:565,0
DA:576,0
DA:590,0
DA:595,0
DA:612,0
DA:642,0
DA:643,0
DA:646,0
DA:663,0
DA:683,0
DA:697,0
DA:702,0
DA:720,0
DA:728,0
DA:738,0
DA:746,0
DA:784,0
DA:794,16
DA:820,0
DA:830,7
DA:852,0
DA:859,0
DA:870,0
DA:892,0
DA:893,0
DA:894,0
DA:903,0
DA:921,0
DA:925,0
DA:926,0
DA:938,0
DA:942,0
DA:943,0
DA:962,0
DA:963,0
DA:979,0
DA:993,0
DA:1008,0
DA:1010,0
DA:1020,0
DA:1031,0
DA:1033,0
DA:1043,0
DA:1061,0
DA:1076,0
DA:1095,0
DA:1109,0
DA:1118,0
DA:1127,0
DA:1136,0
DA:1151,0
DA:1180,144
DA:1206,48
DA:1208,48
DA:1212,0
LF:177
LH:69
BRDA:116,0,0,12
BRDA:117,1,0,12
BRDA:118,2,0,12
BRDA:137,3,0,0
BRDA:137,3,1,0
BRDA:139,4,0,0
BRDA:139,4,1,0
BRDA:141,5,0,0
BRDA:141,5,1,0
BRDA:143,6,0,0
BRDA:143,6,1,0
BRDA:154,7,0,0
BRDA:154,7,1,0
BRDA:158,8,0,0
BRDA:158,8,1,0
BRDA:159,9,0,0
BRDA:159,9,1,0
BRDA:159,10,0,0
BRDA:159,10,1,0
BRDA:164,11,0,12
BRDA:164,11,1,0
BRDA:165,12,0,12
BRDA:165,12,1,0
BRDA:168,13,0,0
BRDA:168,13,1,0
BRDA:173,14,0,0
BRDA:173,14,1,0
BRDA:174,15,0,0
BRDA:174,15,1,0
BRDA:182,16,0,0
BRDA:182,16,1,0
BRDA:190,17,0,0
BRDA:190,17,1,3
BRDA:192,18,0,0
BRDA:192,18,1,3
BRDA:206,19,0,0
BRDA:206,19,1,1
BRDA:219,20,0,0
BRDA:219,20,1,0
BRDA:221,21,0,0
BRDA:221,21,1,0
BRDA:239,22,0,0
BRDA:239,22,1,0
BRDA:245,23,0,0
BRDA:245,23,1,0
BRDA:252,24,0,0
BRDA:252,24,1,12
BRDA:253,25,0,5
BRDA:253,25,1,7
BRDA:258,26,0,12
BRDA:258,26,1,0
BRDA:261,27,0,12
BRDA:261,27,1,0
BRDA:262,28,0,12
BRDA:262,28,1,0
BRDA:263,29,0,12
BRDA:263,29,1,0
BRDA:264,30,0,0
BRDA:264,30,1,12
BRDA:269,31,0,12
BRDA:269,31,1,12
BRDA:271,32,0,12
BRDA:271,32,1,0
BRDA:273,33,0,0
BRDA:273,33,1,12
BRDA:277,34,0,12
BRDA:277,34,1,12
BRDA:278,35,0,12
BRDA:278,35,1,0
BRDA:280,36,0,12
BRDA:280,36,1,12
BRDA:280,36,2,12
BRDA:280,36,3,12
BRDA:280,36,4,12
BRDA:285,37,0,12
BRDA:285,37,1,0
BRDA:285,38,0,12
BRDA:285,38,1,12
BRDA:285,38,2,12
BRDA:285,38,3,12
BRDA:291,39,0,12
BRDA:291,39,1,12
BRDA:293,40,0,12
BRDA:293,40,1,12
BRDA:293,40,2,12
BRDA:294,41,0,0
BRDA:294,41,1,12
BRDA:299,42,0,0
BRDA:299,42,1,12
BRDA:301,43,0,0
BRDA:301,43,1,0
BRDA:301,43,2,0
BRDA:311,44,0,0
BRDA:311,44,1,0
BRDA:326,45,0,12
BRDA:326,45,1,0
BRDA:326,45,2,0
BRDA:343,46,0,0
BRDA:343,46,1,12
BRDA:380,47,0,12
BRDA:380,47,1,0
BRDA:384,48,0,12
BRDA:384,48,1,0
BRDA:384,48,2,12
BRDA:391,49,0,12
BRDA:391,49,1,12
BRDA:395,50,0,12
BRDA:395,50,1,0
BRDA:395,50,2,12
BRDA:403,51,0,12
BRDA:403,51,1,12
BRDA:409,52,0,12
BRDA:409,52,1,12
BRDA:413,53,0,0
BRDA:413,53,1,12
BRDA:415,54,0,0
BRDA:415,54,1,12
BRDA:418,55,0,12
BRDA:418,55,1,0
BRDA:419,56,0,0
BRDA:419,56,1,0
BRDA:423,57,0,0
BRDA:423,57,1,0
BRDA:427,58,0,0
BRDA:427,58,1,0
BRDA:436,59,0,0
BRDA:436,59,1,12
BRDA:454,60,0,12
BRDA:454,60,1,12
BRDA:457,61,0,12
BRDA:457,61,1,12
BRDA:466,62,0,12
BRDA:466,62,1,0
BRDA:469,63,0,0
BRDA:469,63,1,0
BRDA:478,64,0,12
BRDA:478,64,1,0
BRDA:482,65,0,0
BRDA:482,65,1,0
BRDA:541,66,0,12
BRDA:541,66,1,0
BRDA:548,67,0,0
BRDA:548,67,1,0
BRDA:557,68,0,12
BRDA:557,68,1,0
BRDA:564,69,0,0
BRDA:564,69,1,0
BRDA:587,70,0,12
BRDA:587,70,1,0
BRDA:594,71,0,0
BRDA:594,71,1,0
BRDA:605,72,0,12
BRDA:605,72,1,12
BRDA:605,72,2,12
BRDA:605,72,3,12
BRDA:607,73,0,12
BRDA:607,73,1,0
BRDA:610,74,0,0
BRDA:610,74,1,0
BRDA:615,75,0,0
BRDA:615,75,1,0
BRDA:616,76,0,0
BRDA:616,76,1,0
BRDA:630,77,0,12
BRDA:630,77,1,0
BRDA:632,78,0,0
BRDA:632,78,1,0
BRDA:637,79,0,0
BRDA:637,79,1,0
BRDA:637,79,2,0
BRDA:642,80,0,0
BRDA:642,80,1,0
BRDA:651,81,0,0
BRDA:651,81,1,0
BRDA:651,81,2,0
BRDA:651,81,3,0
BRDA:655,82,0,0
BRDA:655,82,1,0
BRDA:655,82,2,0
BRDA:655,82,3,0
BRDA:661,83,0,0
BRDA:661,83,1,0
BRDA:691,84,0,12
BRDA:691,84,1,0
BRDA:693,85,0,0
BRDA:693,85,1,0
BRDA:697,86,0,0
BRDA:697,86,1,0
BRDA:706,87,0,0
BRDA:706,87,1,0
BRDA:715,88,0,0
BRDA:715,88,1,0
BRDA:733,89,0,0
BRDA:733,89,1,0
BRDA:753,90,0,0
BRDA:753,90,1,0
BRDA:758,91,0,0
BRDA:758,91,1,0
BRDA:764,92,0,12
BRDA:764,92,1,12
BRDA:767,93,0,1
BRDA:767,93,1,11
BRDA:772,94,0,1
BRDA:772,94,1,10
BRDA:776,95,0,1
BRDA:776,95,1,9
BRDA:780,96,0,1
BRDA:780,96,1,8
BRDA:791,97,0,5
BRDA:791,97,1,3
BRDA:801,98,0,12
BRDA:801,98,1,12
BRDA:801,98,2,12
BRDA:801,98,3,12
BRDA:803,99,0,1
BRDA:803,99,1,11
BRDA:808,100,0,1
BRDA:808,100,1,10
BRDA:812,101,0,1
BRDA:812,101,1,9
BRDA:816,102,0,1
BRDA:816,102,1,8
BRDA:826,103,0,8
BRDA:826,103,1,8
BRDA:827,104,0,8
BRDA:827,104,1,6
BRDA:830,105,0,8
BRDA:830,105,1,3
BRDA:832,106,0,7
BRDA:832,106,1,0
BRDA:845,107,0,12
BRDA:845,107,1,12
BRDA:851,108,0,12
BRDA:851,108,1,12
BRDA:858,109,0,12
BRDA:858,109,1,12
BRDA:882,110,0,12
BRDA:882,110,1,12
BRDA:892,111,0,0
BRDA:892,111,1,0
BRDA:893,112,0,0
BRDA:893,112,1,0
BRDA:916,113,0,0
BRDA:916,113,1,12
BRDA:917,114,0,0
BRDA:917,114,1,12
BRDA:921,115,0,12
BRDA:921,115,1,12
BRDA:926,116,0,0
BRDA:926,116,1,0
BRDA:926,117,0,0
BRDA:926,117,1,0
BRDA:933,118,0,0
BRDA:933,118,1,12
BRDA:934,119,0,0
BRDA:934,119,1,12
BRDA:938,120,0,12
BRDA:938,120,1,12
BRDA:943,121,0,0
BRDA:943,121,1,0
BRDA:943,122,0,0
BRDA:943,122,1,0
BRDA:950,123,0,0
BRDA:950,123,1,12
BRDA:954,124,0,12
BRDA:954,124,1,12
BRDA:962,125,0,0
BRDA:962,125,1,0
BRDA:965,126,0,0
BRDA:965,126,1,0
BRDA:973,127,0,12
BRDA:973,127,1,0
BRDA:978,128,0,0
BRDA:978,128,1,0
BRDA:1001,129,0,0
BRDA:1001,129,1,0
BRDA:1005,130,0,0
BRDA:1005,130,1,0
BRDA:1007,131,0,0
BRDA:1007,131,1,0
BRDA:1019,132,0,0
BRDA:1019,132,1,0
BRDA:1028,133,0,0
BRDA:1028,133,1,0
BRDA:1030,134,0,0
BRDA:1030,134,1,0
BRDA:1042,135,0,0
BRDA:1042,135,1,0
BRDA:1053,136,0,12
BRDA:1053,136,1,0
BRDA:1087,137,0,12
BRDA:1087,137,1,0
BRDA:1107,138,0,0
BRDA:1107,138,1,0
BRDA:1116,139,0,0
BRDA:1116,139,1,0
BRDA:1125,140,0,0
BRDA:1125,140,1,0
BRDA:1134,141,0,0
BRDA:1134,141,1,0
BRDA:1143,142,0,12
BRDA:1143,142,1,0
BRDA:1170,143,0,144
BRDA:1171,144,0,144
BRDA:1199,145,0,48
BRDA:1219,146,0,48
BRDA:1219,146,1,0
BRDA:1222,147,0,48
BRDA:1222,147,1,48
BRF:309
BRH:133
end_of_record
TN:
SF:src\components\admin\adminSidebarStyles.ts
FNF:0
FNH:0
DA:7,4
DA:8,4
DA:9,4
DA:10,4
DA:11,4
DA:13,4
DA:14,4
DA:15,4
DA:16,4
DA:17,4
DA:18,4
DA:19,4
LF:12
LH:12
BRF:0
BRH:0
end_of_record
TN:
SF:src\components\ui\AnchoredOverlay.tsx
FN:59,resolveStyle
FN:104,AnchoredOverlay
FN:118,(anonymous_2)
FN:129,(anonymous_3)
FN:132,(anonymous_4)
FN:139,(anonymous_5)
FN:144,(anonymous_6)
FN:149,(anonymous_7)
FNF:8
FNH:0
FNDA:0,resolveStyle
FNDA:0,AnchoredOverlay
FNDA:0,(anonymous_2)
FNDA:0,(anonymous_3)
FNDA:0,(anonymous_4)
FNDA:0,(anonymous_5)
FNDA:0,(anonymous_6)
FNDA:0,(anonymous_7)
DA:66,0
DA:67,0
DA:68,0
DA:72,0
DA:73,0
DA:74,0
DA:75,0
DA:76,0
DA:79,0
DA:80,0
DA:83,0
DA:84,0
DA:85,0
DA:90,0
DA:98,0
DA:99,0
DA:101,0
DA:114,0
DA:115,0
DA:118,0
DA:119,0
DA:120,0
DA:121,0
DA:123,0
DA:124,0
DA:129,0
DA:130,0
DA:132,0
DA:133,0
DA:134,0
DA:135,0
DA:136,0
DA:139,0
DA:140,0
DA:144,0
DA:145,0
DA:146,0
DA:149,0
DA:150,0
DA:151,0
DA:152,0
DA:156,0
DA:158,0
LF:43
LH:0
BRDA:72,0,0,0
BRDA:72,0,1,0
BRDA:74,1,0,0
BRDA:74,1,1,0
BRDA:75,2,0,0
BRDA:75,2,1,0
BRDA:79,3,0,0
BRDA:79,3,1,0
BRDA:83,4,0,0
BRDA:83,4,1,0
BRDA:84,5,0,0
BRDA:84,5,1,0
BRDA:98,6,0,0
BRDA:98,6,1,0
BRDA:108,7,0,0
BRDA:109,8,0,0
BRDA:110,9,0,0
BRDA:111,10,0,0
BRDA:119,11,0,0
BRDA:119,11,1,0
BRDA:123,12,0,0
BRDA:123,12,1,0
BRDA:130,13,0,0
BRDA:130,13,1,0
BRDA:134,14,0,0
BRDA:134,14,1,0
BRDA:135,15,0,0
BRDA:135,15,1,0
BRDA:140,16,0,0
BRDA:140,16,1,0
BRDA:156,17,0,0
BRDA:156,17,1,0
BRDA:156,18,0,0
BRDA:156,18,1,0
BRF:34
BRH:0
end_of_record
TN:
SF:src\components\ui\ChartHoverLayer.tsx
FN:48,ChartHoverLayer
FN:67,(anonymous_1)
FN:79,(anonymous_2)
FN:80,(anonymous_3)
FN:86,(anonymous_4)
FN:106,(anonymous_5)
FNF:6
FNH:0
FNDA:0,ChartHoverLayer
FNDA:0,(anonymous_1)
FNDA:0,(anonymous_2)
FNDA:0,(anonymous_3)
FNDA:0,(anonymous_4)
FNDA:0,(anonymous_5)
DA:62,0
DA:64,0
DA:68,0
DA:69,0
DA:70,0
DA:71,0
DA:79,0
DA:80,0
DA:87,0
DA:88,0
DA:107,0
LF:11
LH:0
BRDA:59,0,0,0
BRDA:60,1,0,0
BRDA:62,2,0,0
BRDA:62,2,1,0
BRDA:62,2,2,0
BRDA:69,3,0,0
BRDA:69,3,1,0
BRDA:86,4,0,0
BRDA:86,4,1,0
BRDA:104,5,0,0
BRDA:104,5,1,0
BRDA:104,5,2,0
BRDA:104,5,3,0
BRF:13
BRH:0
end_of_record
TN:
SF:src\components\ui\ChartTooltip.tsx
FN:41,ChartTooltip
FN:60,(anonymous_1)
FNF:2
FNH:0
FNDA:0,ChartTooltip
FNDA:0,(anonymous_1)
DA:42,0
DA:43,0
DA:45,0
DA:61,0
LF:4
LH:0
BRDA:50,0,0,0
BRDA:50,0,1,0
BRDA:51,1,0,0
BRDA:51,1,1,0
BRDA:63,2,0,0
BRDA:63,2,1,0
BRF:6
BRH:0
end_of_record
TN:
SF:src\components\ui\ConnectionBadge.tsx
FN:50,formatRelativeTime
FN:61,ConnectionBadge
FNF:2
FNH:0
FNDA:0,formatRelativeTime
FNDA:0,ConnectionBadge
DA:21,1
DA:51,0
DA:52,0
DA:53,0
DA:54,0
DA:55,0
DA:57,0
DA:62,0
DA:63,0
DA:64,0
DA:66,0
LF:11
LH:1
BRDA:53,0,0,0
BRDA:53,0,1,0
BRDA:54,1,0,0
BRDA:54,1,1,0
BRDA:61,2,0,0
BRDA:62,3,0,0
BRDA:62,3,1,0
BRDA:64,4,0,0
BRDA:64,4,1,0
BRDA:71,5,0,0
BRDA:71,5,1,0
BRF:11
BRH:0
end_of_record
TN:
SF:src\components\ui\GridSelectionFrame.tsx
FN:18,radiusToPx
FN:25,GridSelectionFrame
FNF:2
FNH:2
FNDA:59,radiusToPx
FNDA:59,GridSelectionFrame
DA:11,1
DA:12,1
DA:14,1
DA:19,59
DA:20,0
DA:21,0
DA:32,59
DA:34,59
DA:36,59
DA:38,59
DA:49,59
LF:11
LH:9
BRDA:19,0,0,59
BRDA:19,0,1,0
BRDA:20,1,0,0
BRDA:20,1,1,0
BRDA:27,2,0,59
BRDA:28,3,0,59
BRDA:29,4,0,59
BRDA:88,5,0,0
BRDA:88,5,1,59
BRDA:91,6,0,0
BRDA:91,6,1,59
BRDA:107,7,0,12
BRDA:107,7,1,47
BRDA:110,8,0,12
BRDA:110,8,1,47
BRF:15
BRH:10
end_of_record
TN:
SF:src\components\ui\LoadingSkeleton.tsx
FN:17,SkeletonCard
FN:30,SkeletonRow
FN:43,SkeletonChart
FN:55,LoadingSkeleton
FN:65,(anonymous_4)
FNF:5
FNH:3
FNDA:1,SkeletonCard
FNDA:0,SkeletonRow
FNDA:0,SkeletonChart
FNDA:1,LoadingSkeleton
FNDA:1,(anonymous_4)
DA:18,1
DA:31,0
DA:44,0
DA:60,1
DA:61,1
DA:63,1
DA:66,1
LF:7
LH:5
BRDA:56,0,0,1
BRDA:57,1,0,1
BRDA:58,2,0,1
BRDA:60,3,0,1
BRDA:60,3,1,0
BRDA:60,4,0,0
BRDA:60,4,1,0
BRF:7
BRH:4
end_of_record
TN:
SF:src\components\ui\MetricCard.tsx
FN:52,MetricCard
FNF:1
FNH:1
FNDA:1,MetricCard
DA:34,1
DA:65,1
DA:67,1
DA:68,0
DA:77,1
DA:78,0
DA:86,1
DA:87,1
DA:89,1
LF:9
LH:7
BRDA:56,0,0,1
BRDA:61,1,0,1
BRDA:62,2,0,1
BRDA:63,3,0,1
BRDA:67,4,0,0
BRDA:67,4,1,1
BRDA:77,5,0,0
BRDA:77,5,1,1
BRDA:86,6,0,1
BRDA:86,6,1,0
BRDA:86,7,0,1
BRDA:86,7,1,0
BRDA:87,8,0,1
BRDA:87,8,1,0
BRDA:95,9,0,1
BRDA:95,9,1,0
BRDA:101,10,0,1
BRDA:101,10,1,0
BRDA:102,11,0,0
BRDA:102,11,1,1
BRDA:102,12,0,1
BRDA:102,12,1,0
BRDA:105,13,0,1
BRDA:105,13,1,0
BRDA:105,13,2,0
BRDA:111,14,0,1
BRDA:111,14,1,0
BRF:27
BRH:15
end_of_record
TN:
SF:src\components\ui\WidgetCenteredContentLayout.tsx
FN:24,WidgetCenteredContentLayout
FNF:1
FNH:1
FNDA:2,WidgetCenteredContentLayout
DA:32,2
LF:1
LH:1
BRDA:27,0,0,2
BRDA:28,1,0,2
BRDA:29,2,0,2
BRDA:30,3,0,2
BRF:4
BRH:4
end_of_record
TN:
SF:src\components\ui\WidgetHeader.tsx
FN:84,WidgetHeader
FNF:1
FNH:1
FNDA:4,WidgetHeader
DA:94,4
DA:95,4
DA:96,4
DA:97,4
DA:106,4
DA:111,4
LF:6
LH:6
BRDA:87,0,0,4
BRDA:88,1,0,4
BRDA:91,2,0,4
BRDA:92,3,0,4
BRDA:95,4,0,2
BRDA:95,4,1,2
BRDA:97,5,0,4
BRDA:97,5,1,0
BRDA:115,6,0,0
BRDA:115,6,1,4
BRDA:121,7,0,0
BRDA:121,7,1,0
BRDA:129,8,0,4
BRDA:129,8,1,0
BRDA:129,8,2,4
BRDA:143,9,0,0
BRDA:143,9,1,4
BRDA:147,10,0,4
BRDA:147,10,1,4
BRF:19
BRH:13
end_of_record
TN:
SF:src\components\ui\WidgetHoverActions.tsx
FN:16,(anonymous_0)
FN:21,WidgetHoverActions
FN:29,(anonymous_2)
FN:36,(anonymous_3)
FNF:4
FNH:2
FNDA:0,(anonymous_0)
FNDA:59,WidgetHoverActions
FNDA:118,(anonymous_2)
FNDA:0,(anonymous_3)
DA:16,1
DA:17,0
DA:18,0
DA:26,59
DA:30,118
DA:37,0
DA:38,0
LF:7
LH:3
BRDA:23,0,0,59
BRDA:24,1,0,59
BRF:2
BRH:2
end_of_record
TN:
SF:src\components\viewer\DashboardViewer.tsx
FN:41,DashboardViewer
FN:56,(anonymous_1)
FN:74,(anonymous_2)
FNF:3
FNH:3
FNDA:8,DashboardViewer
FNDA:12,(anonymous_1)
FNDA:12,(anonymous_2)
DA:51,8
DA:56,12
DA:58,8
DA:76,12
DA:78,12
DA:79,12
DA:81,12
LF:7
LH:7
BRDA:48,0,0,8
BRDA:49,1,0,8
BRDA:76,2,0,0
BRDA:76,2,1,12
BRDA:79,3,0,0
BRDA:79,3,1,12
BRF:6
BRH:4
end_of_record
TN:
SF:src\config\nodeRed.config.ts
FN:8,stripTrailingSlashes
FN:12,stripLeadingSlashes
FN:16,normalizeUrl
FN:23,getNodeRedBaseUrl
FN:36,isNodeRedEnabled
FN:40,saveNodeRedBaseUrl
FN:47,clearNodeRedBaseUrl
FN:51,getSavedNodeRedBaseUrl
FN:61,getNodeRedEndpoint
FN:73,saveNodeRedEndpoint
FN:80,clearNodeRedEndpoint
FN:84,getSavedNodeRedEndpoint
FN:94,getNodeRedFullUrl
FNF:13
FNH:13
FNDA:12,stripTrailingSlashes
FNDA:5,stripLeadingSlashes
FNDA:21,normalizeUrl
FNDA:10,getNodeRedBaseUrl
FNDA:2,isNodeRedEnabled
FNDA:5,saveNodeRedBaseUrl
FNDA:1,clearNodeRedBaseUrl
FNDA:2,getSavedNodeRedBaseUrl
FNDA:5,getNodeRedEndpoint
FNDA:5,saveNodeRedEndpoint
FNDA:1,clearNodeRedEndpoint
FNDA:2,getSavedNodeRedEndpoint
FNDA:3,getNodeRedFullUrl
DA:1,2
DA:2,2
DA:3,2
DA:5,2
DA:6,2
DA:9,12
DA:13,5
DA:17,21
DA:18,12
DA:24,10
DA:25,10
DA:26,10
DA:27,10
DA:32,6
DA:33,10
DA:37,2
DA:41,5
DA:42,5
DA:43,5
DA:48,1
DA:52,2
DA:53,2
DA:55,0
DA:62,5
DA:63,5
DA:64,5
DA:65,3
DA:70,2
DA:74,5
DA:75,5
DA:76,5
DA:81,1
DA:85,2
DA:86,2
DA:88,0
DA:95,3
DA:96,3
DA:97,2
DA:98,2
LF:39
LH:37
BRDA:17,0,0,9
BRDA:17,0,1,12
BRDA:17,1,0,21
BRDA:17,1,1,14
BRDA:27,2,0,4
BRDA:27,2,1,6
BRDA:42,3,0,5
BRDA:42,3,1,0
BRDA:53,4,0,2
BRDA:53,4,1,1
BRDA:64,5,0,3
BRDA:64,5,1,2
BRDA:64,6,0,5
BRDA:64,6,1,3
BRDA:75,7,0,5
BRDA:75,7,1,0
BRDA:86,8,0,2
BRDA:86,8,1,1
BRDA:96,9,0,1
BRDA:96,9,1,2
BRF:20
BRH:18
end_of_record
TN:
SF:src\domain\admin.types.ts
FN:554,isKpiWidget
FN:558,isMetricCardWidget
FN:562,isTrendChartWidget
FN:566,isAlertHistoryWidget
FN:604,getDashboardVisualStatus
FNF:5
FNH:1
FNDA:0,isKpiWidget
FNDA:0,isMetricCardWidget
FNDA:0,isTrendChartWidget
FNDA:0,isAlertHistoryWidget
FNDA:32,getDashboardVisualStatus
DA:555,0
DA:559,0
DA:563,0
DA:567,0
DA:606,32
DA:607,0
DA:608,0
DA:610,0
DA:611,0
DA:612,0
DA:613,0
DA:615,0
LF:12
LH:1
BRDA:606,0,0,32
BRDA:606,0,1,0
BRDA:607,1,0,0
BRDA:607,1,1,0
BRDA:608,2,0,0
BRDA:608,2,1,0
BRDA:615,3,0,0
BRDA:615,3,1,0
BRDA:615,4,0,0
BRDA:615,4,1,0
BRDA:615,4,2,0
BRF:11
BRH:1
end_of_record
TN:
SF:src\pages\Dashboard.tsx
FN:25,Dashboard
FN:34,(anonymous_1)
FN:37,(anonymous_2)
FN:42,(anonymous_3)
FN:55,(anonymous_4)
FN:56,(anonymous_5)
FN:63,(anonymous_6)
FN:78,(anonymous_7)
FN:93,(anonymous_8)
FN:111,(anonymous_9)
FN:113,(anonymous_10)
FN:116,(anonymous_11)
FN:122,(anonymous_12)
FNF:13
FNH:11
FNDA:6,Dashboard
FNDA:3,(anonymous_1)
FNDA:15,(anonymous_2)
FNDA:27,(anonymous_3)
FNDA:3,(anonymous_4)
FNDA:3,(anonymous_5)
FNDA:3,(anonymous_6)
FNDA:6,(anonymous_7)
FNDA:6,(anonymous_8)
FNDA:6,(anonymous_9)
FNDA:0,(anonymous_10)
FNDA:6,(anonymous_11)
FNDA:0,(anonymous_12)
DA:26,6
DA:27,6
DA:28,6
DA:29,6
DA:30,6
DA:31,6
DA:34,6
DA:35,3
DA:36,3
DA:37,15
DA:42,27
DA:52,3
DA:55,6
DA:56,3
DA:57,3
DA:58,3
DA:59,3
DA:63,3
DA:64,3
DA:65,3
DA:66,3
DA:68,0
DA:70,3
DA:73,3
DA:78,6
DA:79,6
DA:80,3
DA:81,3
DA:84,3
DA:85,0
DA:89,6
DA:93,6
DA:94,6
DA:95,3
DA:96,3
DA:97,1
DA:111,6
DA:112,6
DA:113,6
DA:116,6
DA:122,6
DA:123,0
DA:135,6
DA:136,3
DA:144,3
DA:145,0
DA:148,3
DA:149,0
DA:152,3
LF:49
LH:44
BRDA:79,0,0,3
BRDA:79,0,1,3
BRDA:80,1,0,0
BRDA:80,1,1,3
BRDA:84,2,0,0
BRDA:84,2,1,3
BRDA:89,3,0,6
BRDA:89,3,1,3
BRDA:94,4,0,3
BRDA:94,4,1,3
BRDA:96,5,0,2
BRDA:96,5,1,1
BRDA:112,6,0,6
BRDA:112,6,1,6
BRDA:135,7,0,3
BRDA:135,7,1,3
BRDA:144,8,0,0
BRDA:144,8,1,3
BRDA:148,9,0,0
BRDA:148,9,1,3
BRF:20
BRH:16
end_of_record
TN:
SF:src\pages\admin\DashboardBuilderPage.tsx
FN:60,DashboardBuilderPage
FN:89,(anonymous_1)
FN:90,(anonymous_2)
FN:98,(anonymous_3)
FN:99,(anonymous_4)
FN:100,(anonymous_5)
FN:104,(anonymous_6)
FN:111,(anonymous_7)
FN:126,(anonymous_8)
FN:132,(anonymous_9)
FN:136,(anonymous_10)
FN:143,(anonymous_11)
FN:144,(anonymous_12)
FN:150,(anonymous_13)
FN:152,(anonymous_14)
FN:158,(anonymous_15)
FN:160,(anonymous_16)
FN:164,(anonymous_17)
FN:176,(anonymous_18)
FN:180,(anonymous_19)
FN:185,(anonymous_20)
FN:185,(anonymous_21)
FN:200,(anonymous_22)
FN:201,(anonymous_23)
FN:221,(anonymous_24)
FN:222,(anonymous_25)
FN:226,(anonymous_26)
FN:249,(anonymous_27)
FN:261,(anonymous_28)
FN:269,(anonymous_29)
FN:270,(anonymous_30)
FN:284,(anonymous_31)
FN:285,(anonymous_32)
FN:321,(anonymous_33)
FN:326,(anonymous_34)
FN:342,(anonymous_35)
FN:346,(anonymous_36)
FN:350,(anonymous_37)
FN:354,(anonymous_38)
FN:424,(anonymous_39)
FN:424,(anonymous_40)
FN:434,(anonymous_41)
FN:435,(anonymous_42)
FN:436,(anonymous_43)
FN:442,(anonymous_44)
FN:448,(anonymous_45)
FN:452,(anonymous_46)
FN:460,(anonymous_47)
FN:465,(anonymous_48)
FN:473,(anonymous_49)
FN:474,(anonymous_50)
FN:480,(anonymous_51)
FN:483,(anonymous_52)
FN:507,(anonymous_53)
FN:507,(anonymous_54)
FN:508,(anonymous_55)
FN:515,(anonymous_56)
FN:530,(anonymous_57)
FN:535,(anonymous_58)
FN:582,(anonymous_59)
FN:585,(anonymous_60)
FN:590,(anonymous_61)
FN:605,(anonymous_62)
FN:639,(anonymous_63)
FN:672,(anonymous_64)
FN:673,(anonymous_65)
FN:679,(anonymous_66)
FN:686,(anonymous_67)
FN:693,(anonymous_68)
FN:694,(anonymous_69)
FN:705,(anonymous_70)
FN:706,(anonymous_71)
FN:714,(anonymous_72)
FN:719,(anonymous_73)
FN:738,(anonymous_74)
FN:739,(anonymous_75)
FN:741,(anonymous_76)
FN:744,(anonymous_77)
FN:754,(anonymous_78)
FN:760,(anonymous_79)
FN:762,(anonymous_80)
FN:773,(anonymous_81)
FN:781,(anonymous_82)
FN:793,(anonymous_83)
FN:810,(anonymous_84)
FN:829,(anonymous_85)
FN:934,(anonymous_86)
FN:945,(anonymous_87)
FN:950,(anonymous_88)
FN:989,(anonymous_89)
FN:1005,(anonymous_90)
FN:1006,(anonymous_91)
FN:1011,(anonymous_92)
FN:1024,(anonymous_93)
FN:1030,(anonymous_94)
FN:1035,(anonymous_95)
FN:1036,(anonymous_96)
FN:1052,(anonymous_97)
FN:1064,(anonymous_98)
FN:1065,(anonymous_99)
FN:1069,(anonymous_100)
FN:1074,(anonymous_101)
FN:1089,(anonymous_102)
FN:1090,(anonymous_103)
FN:1097,(anonymous_104)
FN:1116,(anonymous_105)
FN:1117,(anonymous_106)
FN:1133,(anonymous_107)
FN:1136,(anonymous_108)
FN:1155,(anonymous_109)
FN:1162,(anonymous_110)
FN:1164,(anonymous_111)
FN:1176,(anonymous_112)
FN:1177,(anonymous_113)
FN:1185,(anonymous_114)
FN:1186,(anonymous_115)
FN:1212,(anonymous_116)
FN:1229,(anonymous_117)
FN:1234,(anonymous_118)
FN:1235,(anonymous_119)
FN:1236,(anonymous_120)
FN:1249,(anonymous_121)
FN:1250,(anonymous_122)
FN:1254,(anonymous_123)
FN:1259,(anonymous_124)
FN:1260,(anonymous_125)
FN:1264,(anonymous_126)
FN:1269,(anonymous_127)
FN:1270,(anonymous_128)
FN:1284,(anonymous_129)
FN:1289,(anonymous_130)
FN:1292,(anonymous_131)
FN:1296,(anonymous_132)
FN:1297,(anonymous_133)
FN:1304,(anonymous_134)
FN:1321,(anonymous_135)
FN:1384,(anonymous_136)
FN:1399,(anonymous_137)
FN:1405,(anonymous_138)
FN:1438,(anonymous_139)
FN:1480,(anonymous_140)
FN:1503,(anonymous_141)
FN:1519,(anonymous_142)
FN:1521,(anonymous_143)
FN:1536,(anonymous_144)
FN:1544,(anonymous_145)
FN:1547,(anonymous_146)
FN:1550,(anonymous_147)
FN:1601,buildCatalogVariableId
FN:1609,slugify
FNF:150
FNH:43
FNDA:41,DashboardBuilderPage
FNDA:132,(anonymous_1)
FNDA:132,(anonymous_2)
FNDA:9,(anonymous_3)
FNDA:9,(anonymous_4)
FNDA:9,(anonymous_5)
FNDA:18,(anonymous_6)
FNDA:9,(anonymous_7)
FNDA:9,(anonymous_8)
FNDA:18,(anonymous_9)
FNDA:22,(anonymous_10)
FNDA:12,(anonymous_11)
FNDA:12,(anonymous_12)
FNDA:12,(anonymous_13)
FNDA:1,(anonymous_14)
FNDA:12,(anonymous_15)
FNDA:1,(anonymous_16)
FNDA:22,(anonymous_17)
FNDA:9,(anonymous_18)
FNDA:45,(anonymous_19)
FNDA:81,(anonymous_20)
FNDA:45,(anonymous_21)
FNDA:9,(anonymous_22)
FNDA:9,(anonymous_23)
FNDA:0,(anonymous_24)
FNDA:0,(anonymous_25)
FNDA:0,(anonymous_26)
FNDA:22,(anonymous_27)
FNDA:0,(anonymous_28)
FNDA:0,(anonymous_29)
FNDA:0,(anonymous_30)
FNDA:3,(anonymous_31)
FNDA:3,(anonymous_32)
FNDA:1,(anonymous_33)
FNDA:1,(anonymous_34)
FNDA:1,(anonymous_35)
FNDA:1,(anonymous_36)
FNDA:0,(anonymous_37)
FNDA:0,(anonymous_38)
FNDA:4,(anonymous_39)
FNDA:4,(anonymous_40)
FNDA:0,(anonymous_41)
FNDA:1,(anonymous_42)
FNDA:2,(anonymous_43)
FNDA:9,(anonymous_44)
FNDA:0,(anonymous_45)
FNDA:0,(anonymous_46)
FNDA:0,(anonymous_47)
FNDA:0,(anonymous_48)
FNDA:0,(anonymous_49)
FNDA:0,(anonymous_50)
FNDA:0,(anonymous_51)
FNDA:0,(anonymous_52)
FNDA:0,(anonymous_53)
FNDA:0,(anonymous_54)
FNDA:0,(anonymous_55)
FNDA:0,(anonymous_56)
FNDA:0,(anonymous_57)
FNDA:0,(anonymous_58)
FNDA:28,(anonymous_59)
FNDA:0,(anonymous_60)
FNDA:27,(anonymous_61)
FNDA:0,(anonymous_62)
FNDA:0,(anonymous_63)
FNDA:0,(anonymous_64)
FNDA:0,(anonymous_65)
FNDA:0,(anonymous_66)
FNDA:0,(anonymous_67)
FNDA:0,(anonymous_68)
FNDA:0,(anonymous_69)
FNDA:0,(anonymous_70)
FNDA:0,(anonymous_71)
FNDA:0,(anonymous_72)
FNDA:0,(anonymous_73)
FNDA:0,(anonymous_74)
FNDA:0,(anonymous_75)
FNDA:0,(anonymous_76)
FNDA:0,(anonymous_77)
FNDA:0,(anonymous_78)
FNDA:0,(anonymous_79)
FNDA:0,(anonymous_80)
FNDA:0,(anonymous_81)
FNDA:0,(anonymous_82)
FNDA:0,(anonymous_83)
FNDA:0,(anonymous_84)
FNDA:1,(anonymous_85)
FNDA:1,(anonymous_86)
FNDA:1,(anonymous_87)
FNDA:0,(anonymous_88)
FNDA:1,(anonymous_89)
FNDA:0,(anonymous_90)
FNDA:0,(anonymous_91)
FNDA:0,(anonymous_92)
FNDA:0,(anonymous_93)
FNDA:0,(anonymous_94)
FNDA:0,(anonymous_95)
FNDA:0,(anonymous_96)
FNDA:0,(anonymous_97)
FNDA:0,(anonymous_98)
FNDA:0,(anonymous_99)
FNDA:0,(anonymous_100)
FNDA:0,(anonymous_101)
FNDA:0,(anonymous_102)
FNDA:0,(anonymous_103)
FNDA:0,(anonymous_104)
FNDA:0,(anonymous_105)
FNDA:0,(anonymous_106)
FNDA:0,(anonymous_107)
FNDA:0,(anonymous_108)
FNDA:0,(anonymous_109)
FNDA:0,(anonymous_110)
FNDA:0,(anonymous_111)
FNDA:0,(anonymous_112)
FNDA:0,(anonymous_113)
FNDA:0,(anonymous_114)
FNDA:0,(anonymous_115)
FNDA:0,(anonymous_116)
FNDA:0,(anonymous_117)
FNDA:0,(anonymous_118)
FNDA:0,(anonymous_119)
FNDA:0,(anonymous_120)
FNDA:0,(anonymous_121)
FNDA:0,(anonymous_122)
FNDA:0,(anonymous_123)
FNDA:0,(anonymous_124)
FNDA:0,(anonymous_125)
FNDA:0,(anonymous_126)
FNDA:0,(anonymous_127)
FNDA:0,(anonymous_128)
FNDA:0,(anonymous_129)
FNDA:0,(anonymous_130)
FNDA:0,(anonymous_131)
FNDA:0,(anonymous_132)
FNDA:0,(anonymous_133)
FNDA:0,(anonymous_134)
FNDA:0,(anonymous_135)
FNDA:0,(anonymous_136)
FNDA:0,(anonymous_137)
FNDA:0,(anonymous_138)
FNDA:0,(anonymous_139)
FNDA:6,(anonymous_140)
FNDA:0,(anonymous_141)
FNDA:0,(anonymous_142)
FNDA:0,(anonymous_143)
FNDA:0,(anonymous_144)
FNDA:0,(anonymous_145)
FNDA:0,(anonymous_146)
FNDA:0,(anonymous_147)
FNDA:0,buildCatalogVariableId
FNDA:0,slugify
DA:61,41
DA:62,41
DA:65,41
DA:66,41
DA:67,41
DA:68,41
DA:69,41
DA:70,41
DA:71,41
DA:72,41
DA:73,41
DA:76,41
DA:78,41
DA:79,41
DA:80,41
DA:81,41
DA:82,41
DA:83,41
DA:84,41
DA:85,41
DA:86,41
DA:87,41
DA:89,132
DA:90,132
DA:96,41
DA:98,41
DA:99,9
DA:100,9
DA:104,41
DA:105,18
DA:107,18
DA:108,9
DA:111,9
DA:112,9
DA:114,9
DA:115,0
DA:118,9
DA:124,9
DA:126,9
DA:127,9
DA:131,41
DA:132,18
DA:136,41
DA:137,22
DA:138,9
DA:141,13
DA:143,12
DA:144,12
DA:150,41
DA:151,12
DA:152,1
DA:158,41
DA:159,12
DA:160,12
DA:164,41
DA:165,22
DA:166,13
DA:173,41
DA:176,41
DA:177,9
DA:178,9
DA:180,45
DA:185,81
DA:196,9
DA:200,41
DA:201,9
DA:202,9
DA:203,9
DA:204,9
DA:205,9
DA:213,9
DA:214,9
DA:215,9
DA:216,9
DA:218,9
DA:219,0
DA:221,0
DA:222,0
DA:225,0
DA:226,0
DA:227,0
DA:230,9
DA:231,9
DA:232,9
DA:233,9
DA:234,9
DA:236,9
DA:237,9
DA:238,9
DA:241,0
DA:243,9
DA:246,9
DA:249,41
DA:250,22
DA:251,13
DA:259,41
DA:261,0
DA:269,41
DA:270,0
DA:271,0
DA:272,0
DA:275,0
DA:277,0
DA:284,41
DA:285,3
DA:286,3
DA:287,0
DA:290,3
DA:291,3
DA:292,3
DA:298,3
DA:299,2
DA:307,2
DA:310,1
DA:312,1
DA:321,41
DA:322,1
DA:323,0
DA:326,1
DA:327,1
DA:328,0
DA:331,1
DA:339,1
DA:342,41
DA:343,1
DA:346,41
DA:347,1
DA:350,41
DA:351,0
DA:354,41
DA:355,0
DA:356,0
DA:359,0
DA:360,0
DA:361,0
DA:364,0
DA:365,0
DA:366,0
DA:367,0
DA:368,0
DA:370,0
DA:371,0
DA:372,0
DA:375,0
DA:376,0
DA:380,41
DA:424,4
DA:434,0
DA:435,1
DA:436,2
DA:442,41
DA:443,9
DA:448,41
DA:449,0
DA:452,41
DA:453,0
DA:454,0
DA:457,0
DA:460,41
DA:461,0
DA:463,0
DA:464,0
DA:465,0
DA:466,0
DA:467,0
DA:470,0
DA:473,0
DA:474,0
DA:477,0
DA:479,0
DA:481,0
DA:484,0
DA:485,0
DA:488,0
DA:498,0
DA:502,0
DA:503,0
DA:505,0
DA:506,0
DA:507,0
DA:508,0
DA:509,0
DA:510,0
DA:513,0
DA:516,0
DA:517,0
DA:520,0
DA:530,0
DA:531,0
DA:532,0
DA:535,0
DA:536,0
DA:538,0
DA:540,0
DA:541,0
DA:543,0
DA:547,41
DA:553,41
DA:554,9
DA:561,9
DA:566,32
DA:567,0
DA:573,0
DA:582,32
DA:583,32
DA:584,32
DA:585,0
DA:587,32
DA:590,32
DA:602,32
DA:603,32
DA:605,32
DA:606,0
DA:607,0
DA:608,0
DA:612,0
DA:613,0
DA:618,0
DA:619,0
DA:622,0
DA:624,0
DA:625,0
DA:626,0
DA:627,0
DA:628,0
DA:630,0
DA:632,0
DA:633,0
DA:635,0
DA:639,32
DA:640,0
DA:641,0
DA:642,0
DA:643,0
DA:644,0
DA:649,0
DA:650,0
DA:653,0
DA:655,0
DA:657,0
DA:658,0
DA:659,0
DA:660,0
DA:661,0
DA:663,0
DA:665,0
DA:666,0
DA:668,0
DA:672,32
DA:673,0
DA:674,0
DA:675,0
DA:679,32
DA:680,0
DA:686,32
DA:687,0
DA:693,32
DA:694,0
DA:696,0
DA:705,32
DA:706,0
DA:708,0
DA:709,0
DA:712,0
DA:714,0
DA:715,0
DA:718,0
DA:719,0
DA:722,0
DA:724,0
DA:725,0
DA:727,0
DA:730,0
DA:735,0
DA:738,32
DA:739,0
DA:741,0
DA:742,0
DA:744,0
DA:745,0
DA:749,0
DA:754,0
DA:760,32
DA:761,0
DA:762,0
DA:764,0
DA:765,0
DA:766,0
DA:769,0
DA:770,0
DA:773,0
DA:774,0
DA:776,0
DA:777,0
DA:778,0
DA:779,0
DA:781,0
DA:782,0
DA:783,0
DA:784,0
DA:787,0
DA:793,32
DA:794,0
DA:795,0
DA:797,0
DA:802,0
DA:805,0
DA:806,0
DA:807,0
DA:810,32
DA:811,0
DA:812,0
DA:814,0
DA:816,0
DA:821,0
DA:824,0
DA:825,0
DA:826,0
DA:829,32
DA:830,1
DA:831,1
DA:832,1
DA:834,1
DA:926,1
DA:934,1
DA:935,1
DA:936,1
DA:942,1
DA:945,32
DA:946,1
DA:948,1
DA:949,1
DA:950,1
DA:952,1
DA:953,1
DA:989,1
DA:990,1
DA:991,1
DA:992,1
DA:993,1
DA:1002,1
DA:1005,32
DA:1006,0
DA:1008,0
DA:1010,0
DA:1011,0
DA:1013,0
DA:1014,0
DA:1016,0
DA:1021,0
DA:1024,32
DA:1025,0
DA:1026,0
DA:1027,0
DA:1030,32
DA:1031,0
DA:1033,0
DA:1035,0
DA:1036,0
DA:1037,0
DA:1039,0
DA:1040,0
DA:1046,0
DA:1052,0
DA:1053,0
DA:1054,0
DA:1061,0
DA:1064,32
DA:1065,0
DA:1066,0
DA:1067,0
DA:1069,0
DA:1074,32
DA:1075,0
DA:1076,0
DA:1078,0
DA:1079,0
DA:1080,0
DA:1083,0
DA:1089,0
DA:1090,0
DA:1091,0
DA:1092,0
DA:1095,0
DA:1098,0
DA:1099,0
DA:1102,0
DA:1116,32
DA:1117,0
DA:1119,0
DA:1120,0
DA:1121,0
DA:1124,0
DA:1125,0
DA:1127,0
DA:1128,0
DA:1129,0
DA:1132,0
DA:1133,0
DA:1136,0
DA:1137,0
DA:1143,0
DA:1148,0
DA:1149,0
DA:1155,32
DA:1162,0
DA:1164,0
DA:1165,0
DA:1166,0
DA:1169,0
DA:1170,0
DA:1171,0
DA:1172,0
DA:1173,0
DA:1176,0
DA:1177,0
DA:1179,0
DA:1180,0
DA:1181,0
DA:1184,0
DA:1185,0
DA:1186,0
DA:1188,0
DA:1189,0
DA:1190,0
DA:1193,0
DA:1195,0
DA:1196,0
DA:1197,0
DA:1199,0
DA:1200,0
DA:1205,0
DA:1206,0
DA:1207,0
DA:1210,0
DA:1213,0
DA:1214,0
DA:1215,0
DA:1218,0
DA:1219,0
DA:1229,0
DA:1230,0
DA:1233,0
DA:1234,0
DA:1235,0
DA:1236,0
DA:1238,0
DA:1239,0
DA:1240,0
DA:1243,0
DA:1244,0
DA:1246,0
DA:1249,32
DA:1250,0
DA:1251,0
DA:1252,0
DA:1254,0
DA:1259,32
DA:1260,0
DA:1261,0
DA:1262,0
DA:1264,0
DA:1269,32
DA:1270,0
DA:1271,0
DA:1273,0
DA:1274,0
DA:1275,0
DA:1277,0
DA:1284,32
DA:1285,0
DA:1287,0
DA:1289,0
DA:1290,0
DA:1292,0
DA:1294,0
DA:1296,0
DA:1297,0
DA:1304,0
DA:1307,32
DA:1308,32
DA:1322,0
DA:1366,32
DA:1367,32
DA:1384,0
DA:1388,32
DA:1399,0
DA:1405,0
DA:1439,0
DA:1441,0
DA:1442,0
DA:1455,41
DA:1481,6
DA:1482,6
DA:1486,6
DA:1503,0
DA:1519,0
DA:1521,0
DA:1536,0
DA:1544,0
DA:1547,0
DA:1550,0
DA:1602,0
DA:1603,0
DA:1604,0
DA:1605,0
DA:1606,0
DA:1610,0
LF:508
LH:187
BRDA:107,0,0,9
BRDA:107,0,1,9
BRDA:114,1,0,0
BRDA:114,1,1,9
BRDA:137,2,0,9
BRDA:137,2,1,13
BRDA:152,3,0,12
BRDA:152,3,1,9
BRDA:159,4,0,12
BRDA:159,4,1,9
BRDA:160,5,0,1
BRDA:160,5,1,0
BRDA:165,6,0,9
BRDA:165,6,1,13
BRDA:165,7,0,22
BRDA:165,7,1,13
BRDA:166,8,0,13
BRDA:166,8,1,11
BRDA:166,8,2,10
BRDA:166,8,3,10
BRDA:166,8,4,10
BRDA:185,9,0,81
BRDA:185,9,1,45
BRDA:202,10,0,0
BRDA:202,10,1,9
BRDA:218,11,0,0
BRDA:218,11,1,9
BRDA:226,12,0,0
BRDA:226,12,1,0
BRDA:236,13,0,9
BRDA:236,13,1,0
BRDA:250,14,0,9
BRDA:250,14,1,13
BRDA:271,15,0,0
BRDA:271,15,1,0
BRDA:275,16,0,0
BRDA:275,16,1,0
BRDA:286,17,0,0
BRDA:286,17,1,3
BRDA:290,18,0,3
BRDA:290,18,1,2
BRDA:290,18,2,0
BRDA:291,19,0,3
BRDA:291,19,1,1
BRDA:291,19,2,0
BRDA:298,20,0,2
BRDA:298,20,1,1
BRDA:322,21,0,0
BRDA:322,21,1,1
BRDA:327,22,0,0
BRDA:327,22,1,1
BRDA:355,23,0,0
BRDA:355,23,1,0
BRDA:359,24,0,0
BRDA:359,24,1,0
BRDA:370,25,0,0
BRDA:370,25,1,0
BRDA:380,26,0,32
BRDA:380,26,1,9
BRDA:384,27,0,27
BRDA:384,27,1,5
BRDA:388,28,0,27
BRDA:388,28,1,5
BRDA:392,29,0,27
BRDA:392,29,1,5
BRDA:403,30,0,1
BRDA:403,30,1,31
BRDA:418,31,0,8
BRDA:418,31,1,24
BRDA:429,32,0,8
BRDA:429,32,1,24
BRDA:453,33,0,0
BRDA:453,33,1,0
BRDA:466,34,0,0
BRDA:466,34,1,0
BRDA:466,35,0,0
BRDA:466,35,1,0
BRDA:484,36,0,0
BRDA:484,36,1,0
BRDA:509,37,0,0
BRDA:509,37,1,0
BRDA:516,38,0,0
BRDA:516,38,1,0
BRDA:531,39,0,0
BRDA:531,39,1,0
BRDA:536,40,0,0
BRDA:536,40,1,0
BRDA:553,41,0,9
BRDA:553,41,1,32
BRDA:566,42,0,0
BRDA:566,42,1,32
BRDA:566,43,0,32
BRDA:566,43,1,32
BRDA:583,44,0,2
BRDA:583,44,1,30
BRDA:584,45,0,0
BRDA:584,45,1,32
BRDA:587,46,0,0
BRDA:587,46,1,32
BRDA:590,47,0,32
BRDA:590,47,1,31
BRDA:591,48,0,1
BRDA:591,48,1,30
BRDA:591,49,0,31
BRDA:591,49,1,1
BRDA:606,50,0,0
BRDA:606,50,1,0
BRDA:612,51,0,0
BRDA:612,51,1,0
BRDA:618,52,0,0
BRDA:618,52,1,0
BRDA:626,53,0,0
BRDA:626,53,1,0
BRDA:640,54,0,0
BRDA:640,54,1,0
BRDA:643,55,0,0
BRDA:643,55,1,0
BRDA:643,56,0,0
BRDA:643,56,1,0
BRDA:649,57,0,0
BRDA:649,57,1,0
BRDA:659,58,0,0
BRDA:659,58,1,0
BRDA:674,59,0,0
BRDA:674,59,1,0
BRDA:681,60,0,0
BRDA:681,60,1,0
BRDA:682,61,0,0
BRDA:682,61,1,0
BRDA:688,62,0,0
BRDA:688,62,1,0
BRDA:689,63,0,0
BRDA:689,63,1,0
BRDA:708,64,0,0
BRDA:708,64,1,0
BRDA:708,65,0,0
BRDA:708,65,1,0
BRDA:712,66,0,0
BRDA:712,66,1,0
BRDA:714,67,0,0
BRDA:714,67,1,0
BRDA:714,68,0,0
BRDA:714,68,1,0
BRDA:718,69,0,0
BRDA:718,69,1,0
BRDA:724,70,0,0
BRDA:724,70,1,0
BRDA:731,71,0,0
BRDA:731,71,1,0
BRDA:742,72,0,0
BRDA:742,72,1,0
BRDA:745,73,0,0
BRDA:745,73,1,0
BRDA:745,74,0,0
BRDA:745,74,1,0
BRDA:753,75,0,0
BRDA:753,75,1,0
BRDA:754,76,0,0
BRDA:754,76,1,0
BRDA:761,77,0,0
BRDA:761,77,1,0
BRDA:764,78,0,0
BRDA:764,78,1,0
BRDA:769,79,0,0
BRDA:769,79,1,0
BRDA:774,80,0,0
BRDA:774,80,1,0
BRDA:778,81,0,0
BRDA:778,81,1,0
BRDA:779,82,0,0
BRDA:779,82,1,0
BRDA:782,83,0,0
BRDA:782,83,1,0
BRDA:783,84,0,0
BRDA:783,84,1,0
BRDA:788,85,0,0
BRDA:788,85,1,0
BRDA:795,86,0,0
BRDA:795,86,1,0
BRDA:797,87,0,0
BRDA:797,87,1,0
BRDA:798,88,0,0
BRDA:798,88,1,0
BRDA:798,88,2,0
BRDA:800,89,0,0
BRDA:800,89,1,0
BRDA:812,90,0,0
BRDA:812,90,1,0
BRDA:816,91,0,0
BRDA:816,91,1,0
BRDA:817,92,0,0
BRDA:817,92,1,0
BRDA:817,92,2,0
BRDA:819,93,0,0
BRDA:819,93,1,0
BRDA:831,94,0,0
BRDA:831,94,1,1
BRDA:831,95,0,1
BRDA:831,95,1,1
BRDA:832,96,0,1
BRDA:832,96,1,0
BRDA:832,97,0,1
BRDA:832,97,1,0
BRDA:832,97,2,0
BRDA:834,98,0,0
BRDA:834,98,1,1
BRDA:843,99,0,0
BRDA:843,99,1,1
BRDA:857,100,0,0
BRDA:857,100,1,1
BRDA:881,101,0,0
BRDA:881,101,1,1
BRDA:891,102,0,0
BRDA:891,102,1,1
BRDA:904,103,0,0
BRDA:904,103,1,1
BRDA:935,104,0,0
BRDA:935,104,1,1
BRDA:946,105,0,0
BRDA:946,105,1,1
BRDA:946,106,0,1
BRDA:946,106,1,0
BRDA:946,106,2,0
BRDA:948,107,0,1
BRDA:948,107,1,0
BRDA:949,108,0,0
BRDA:949,108,1,1
BRDA:950,109,0,0
BRDA:950,109,1,1
BRDA:950,110,0,0
BRDA:950,110,1,0
BRDA:953,111,0,0
BRDA:953,111,1,1
BRDA:963,112,0,1
BRDA:963,112,1,0
BRDA:990,113,0,0
BRDA:990,113,1,1
BRDA:991,114,0,1
BRDA:991,114,1,0
BRDA:997,115,0,1
BRDA:997,115,1,0
BRDA:1008,116,0,0
BRDA:1008,116,1,0
BRDA:1008,117,0,0
BRDA:1008,117,1,0
BRDA:1010,118,0,0
BRDA:1010,118,1,0
BRDA:1011,119,0,0
BRDA:1011,119,1,0
BRDA:1011,120,0,0
BRDA:1011,120,1,0
BRDA:1017,121,0,0
BRDA:1017,121,1,0
BRDA:1026,122,0,0
BRDA:1026,122,1,0
BRDA:1031,123,0,0
BRDA:1031,123,1,0
BRDA:1033,124,0,0
BRDA:1033,124,1,0
BRDA:1037,125,0,0
BRDA:1037,125,1,0
BRDA:1037,126,0,0
BRDA:1037,126,1,0
BRDA:1043,127,0,0
BRDA:1043,127,1,0
BRDA:1053,128,0,0
BRDA:1053,128,1,0
BRDA:1066,129,0,0
BRDA:1066,129,1,0
BRDA:1069,130,0,0
BRDA:1069,130,1,0
BRDA:1078,131,0,0
BRDA:1078,131,1,0
BRDA:1078,132,0,0
BRDA:1078,132,1,0
BRDA:1078,132,2,0
BRDA:1078,132,3,0
BRDA:1091,133,0,0
BRDA:1091,133,1,0
BRDA:1098,134,0,0
BRDA:1098,134,1,0
BRDA:1106,135,0,0
BRDA:1106,135,1,0
BRDA:1119,136,0,0
BRDA:1119,136,1,0
BRDA:1127,137,0,0
BRDA:1127,137,1,0
BRDA:1136,138,0,0
BRDA:1136,138,1,0
BRDA:1136,139,0,0
BRDA:1136,139,1,0
BRDA:1166,140,0,0
BRDA:1166,140,1,0
BRDA:1166,140,2,0
BRDA:1169,141,0,0
BRDA:1169,141,1,0
BRDA:1170,142,0,0
BRDA:1170,142,1,0
BRDA:1179,143,0,0
BRDA:1179,143,1,0
BRDA:1188,144,0,0
BRDA:1188,144,1,0
BRDA:1195,145,0,0
BRDA:1195,145,1,0
BRDA:1214,146,0,0
BRDA:1214,146,1,0
BRDA:1214,147,0,0
BRDA:1214,147,1,0
BRDA:1238,148,0,0
BRDA:1238,148,1,0
BRDA:1251,149,0,0
BRDA:1251,149,1,0
BRDA:1254,150,0,0
BRDA:1254,150,1,0
BRDA:1261,151,0,0
BRDA:1261,151,1,0
BRDA:1264,152,0,0
BRDA:1264,152,1,0
BRDA:1271,153,0,0
BRDA:1271,153,1,0
BRDA:1285,154,0,0
BRDA:1285,154,1,0
BRDA:1287,155,0,0
BRDA:1287,155,1,0
BRDA:1290,156,0,0
BRDA:1290,156,1,0
BRDA:1292,157,0,0
BRDA:1292,157,1,0
BRDA:1299,158,0,0
BRDA:1299,158,1,0
BRDA:1304,159,0,0
BRDA:1304,159,1,0
BRDA:1311,160,0,0
BRDA:1311,160,1,32
BRDA:1316,161,0,32
BRDA:1316,161,1,0
BRDA:1319,162,0,32
BRDA:1319,162,1,0
BRDA:1323,163,0,0
BRDA:1323,163,1,0
BRDA:1324,164,0,0
BRDA:1324,164,1,0
BRDA:1332,165,0,0
BRDA:1332,165,1,32
BRDA:1332,166,0,0
BRDA:1332,166,1,32
BRDA:1333,167,0,0
BRDA:1333,167,1,32
BRDA:1333,168,0,0
BRDA:1333,168,1,32
BRDA:1335,169,0,32
BRDA:1335,169,1,32
BRDA:1341,170,0,32
BRDA:1341,170,1,3
BRDA:1346,171,0,32
BRDA:1346,171,1,3
BRDA:1349,172,0,0
BRDA:1349,172,1,32
BRDA:1350,173,0,0
BRDA:1350,173,1,32
BRDA:1350,174,0,32
BRDA:1350,174,1,0
BRDA:1352,175,0,32
BRDA:1352,175,1,0
BRDA:1355,176,0,0
BRDA:1355,176,1,0
BRDA:1355,176,2,0
BRDA:1358,177,0,0
BRDA:1358,177,1,0
BRDA:1400,178,0,0
BRDA:1400,178,1,0
BRDA:1400,178,2,0
BRDA:1414,179,0,32
BRDA:1414,179,1,0
BRDA:1414,179,2,0
BRDA:1441,180,0,0
BRDA:1441,180,1,0
BRDA:1441,181,0,0
BRDA:1441,181,1,0
BRDA:1478,182,0,38
BRDA:1478,182,1,3
BRDA:1481,183,0,6
BRDA:1481,183,1,0
BRDA:1482,184,0,6
BRDA:1482,184,1,0
BRDA:1491,185,0,3
BRDA:1491,185,1,3
BRDA:1504,186,0,3
BRDA:1504,186,1,3
BRDA:1536,187,0,41
BRDA:1536,187,1,41
BRDA:1578,188,0,41
BRDA:1578,188,1,39
BRDA:1578,189,0,2
BRDA:1578,189,1,39
BRDA:1610,190,0,0
BRDA:1610,190,1,0
BRF:397
BRH:118
end_of_record
TN:
SF:src\pages\admin\HierarchyPage.tsx
FN:44,NodeDetailPanel
FN:68,(anonymous_1)
FN:88,(anonymous_2)
FN:97,(anonymous_3)
FN:101,(anonymous_4)
FN:116,(anonymous_5)
FN:140,(anonymous_6)
FN:141,(anonymous_7)
FN:150,(anonymous_8)
FN:185,(anonymous_9)
FN:193,(anonymous_10)
FN:240,HierarchyPage
FN:262,(anonymous_12)
FN:270,(anonymous_13)
FN:271,(anonymous_14)
FN:283,(anonymous_15)
FN:301,(anonymous_16)
FN:305,(anonymous_17)
FN:306,(anonymous_18)
FN:307,(anonymous_19)
FN:308,(anonymous_20)
FN:308,(anonymous_21)
FN:312,(anonymous_22)
FN:312,(anonymous_23)
FN:318,(anonymous_24)
FN:323,(anonymous_25)
FN:327,(anonymous_26)
FN:338,(anonymous_27)
FN:343,(anonymous_28)
FN:351,(anonymous_29)
FN:356,(anonymous_30)
FN:357,(anonymous_31)
FN:390,(anonymous_32)
FN:394,(anonymous_33)
FN:412,(anonymous_34)
FN:417,(anonymous_35)
FN:426,(anonymous_36)
FN:431,(anonymous_37)
FN:437,(anonymous_38)
FN:449,(anonymous_39)
FN:454,(anonymous_40)
FN:455,(anonymous_41)
FN:462,(anonymous_42)
FN:467,(anonymous_43)
FN:474,(anonymous_44)
FN:480,(anonymous_45)
FN:486,(anonymous_46)
FN:490,(anonymous_47)
FN:496,(anonymous_48)
FN:503,(anonymous_49)
FN:521,(anonymous_50)
FN:533,(anonymous_51)
FN:557,(anonymous_52)
FN:580,(anonymous_53)
FN:603,(anonymous_54)
FN:628,(anonymous_55)
FN:641,(anonymous_56)
FN:650,(anonymous_57)
FN:658,(anonymous_58)
FN:660,(anonymous_59)
FN:668,(anonymous_60)
FN:671,(anonymous_61)
FN:673,(anonymous_62)
FN:685,(anonymous_63)
FN:690,(anonymous_64)
FN:691,(anonymous_65)
FN:693,(anonymous_66)
FN:703,(anonymous_67)
FN:706,(anonymous_68)
FN:708,(anonymous_69)
FN:721,(anonymous_70)
FN:730,(anonymous_71)
FN:733,(anonymous_72)
FN:735,(anonymous_73)
FN:748,(anonymous_74)
FN:757,(anonymous_75)
FN:760,(anonymous_76)
FN:762,(anonymous_77)
FN:774,(anonymous_78)
FN:776,(anonymous_79)
FNF:80
FNH:18
FNDA:3,NodeDetailPanel
FNDA:1,(anonymous_1)
FNDA:0,(anonymous_2)
FNDA:0,(anonymous_3)
FNDA:0,(anonymous_4)
FNDA:0,(anonymous_5)
FNDA:0,(anonymous_6)
FNDA:0,(anonymous_7)
FNDA:0,(anonymous_8)
FNDA:0,(anonymous_9)
FNDA:0,(anonymous_10)
FNDA:3,HierarchyPage
FNDA:1,(anonymous_12)
FNDA:1,(anonymous_13)
FNDA:1,(anonymous_14)
FNDA:1,(anonymous_15)
FNDA:1,(anonymous_16)
FNDA:2,(anonymous_17)
FNDA:2,(anonymous_18)
FNDA:2,(anonymous_19)
FNDA:2,(anonymous_20)
FNDA:2,(anonymous_21)
FNDA:2,(anonymous_22)
FNDA:2,(anonymous_23)
FNDA:2,(anonymous_24)
FNDA:2,(anonymous_25)
FNDA:2,(anonymous_26)
FNDA:0,(anonymous_27)
FNDA:0,(anonymous_28)
FNDA:0,(anonymous_29)
FNDA:0,(anonymous_30)
FNDA:0,(anonymous_31)
FNDA:0,(anonymous_32)
FNDA:0,(anonymous_33)
FNDA:0,(anonymous_34)
FNDA:0,(anonymous_35)
FNDA:0,(anonymous_36)
FNDA:0,(anonymous_37)
FNDA:0,(anonymous_38)
FNDA:0,(anonymous_39)
FNDA:0,(anonymous_40)
FNDA:0,(anonymous_41)
FNDA:0,(anonymous_42)
FNDA:0,(anonymous_43)
FNDA:0,(anonymous_44)
FNDA:0,(anonymous_45)
FNDA:0,(anonymous_46)
FNDA:0,(anonymous_47)
FNDA:0,(anonymous_48)
FNDA:0,(anonymous_49)
FNDA:0,(anonymous_50)
FNDA:0,(anonymous_51)
FNDA:0,(anonymous_52)
FNDA:0,(anonymous_53)
FNDA:0,(anonymous_54)
FNDA:0,(anonymous_55)
FNDA:0,(anonymous_56)
FNDA:0,(anonymous_57)
FNDA:0,(anonymous_58)
FNDA:0,(anonymous_59)
FNDA:0,(anonymous_60)
FNDA:0,(anonymous_61)
FNDA:0,(anonymous_62)
FNDA:0,(anonymous_63)
FNDA:0,(anonymous_64)
FNDA:0,(anonymous_65)
FNDA:0,(anonymous_66)
FNDA:0,(anonymous_67)
FNDA:0,(anonymous_68)
FNDA:0,(anonymous_69)
FNDA:0,(anonymous_70)
FNDA:0,(anonymous_71)
FNDA:0,(anonymous_72)
FNDA:0,(anonymous_73)
FNDA:0,(anonymous_74)
FNDA:0,(anonymous_75)
FNDA:0,(anonymous_76)
FNDA:0,(anonymous_77)
FNDA:0,(anonymous_78)
FNDA:0,(anonymous_79)
DA:61,3
DA:64,3
DA:65,3
DA:68,3
DA:69,1
DA:70,0
DA:71,0
DA:75,3
DA:76,3
DA:86,0
DA:88,0
DA:89,0
DA:90,0
DA:92,0
DA:94,0
DA:97,0
DA:98,0
DA:101,0
DA:102,0
DA:103,0
DA:106,0
DA:107,0
DA:108,0
DA:109,0
DA:110,0
DA:114,0
DA:117,0
DA:118,0
DA:120,0
DA:128,0
DA:140,0
DA:141,0
DA:150,0
DA:185,0
DA:193,0
DA:241,3
DA:242,3
DA:243,3
DA:244,3
DA:245,3
DA:246,3
DA:247,3
DA:248,3
DA:249,3
DA:250,3
DA:251,3
DA:252,3
DA:253,3
DA:254,3
DA:255,3
DA:256,3
DA:257,3
DA:258,3
DA:259,3
DA:262,3
DA:263,1
DA:264,1
DA:265,1
DA:267,0
DA:270,3
DA:271,1
DA:272,1
DA:273,1
DA:274,1
DA:276,0
DA:278,1
DA:279,1
DA:283,3
DA:284,1
DA:285,1
DA:290,1
DA:291,1
DA:292,1
DA:293,1
DA:295,0
DA:297,1
DA:301,3
DA:302,1
DA:305,3
DA:306,3
DA:307,3
DA:308,3
DA:309,2
DA:310,2
DA:312,3
DA:318,3
DA:319,2
DA:320,0
DA:322,3
DA:323,2
DA:327,3
DA:328,2
DA:329,2
DA:332,0
DA:333,0
DA:338,3
DA:339,0
DA:340,0
DA:343,3
DA:344,0
DA:345,0
DA:346,0
DA:347,0
DA:348,0
DA:351,3
DA:352,0
DA:353,0
DA:356,3
DA:357,0
DA:358,0
DA:360,0
DA:362,0
DA:364,0
DA:365,0
DA:366,0
DA:367,0
DA:377,0
DA:378,0
DA:379,0
DA:380,0
DA:387,0
DA:390,3
DA:391,0
DA:394,3
DA:395,0
DA:396,0
DA:397,0
DA:399,0
DA:400,0
DA:401,0
DA:402,0
DA:405,0
DA:406,0
DA:409,0
DA:412,3
DA:413,0
DA:414,0
DA:417,3
DA:418,0
DA:419,0
DA:420,0
DA:422,0
DA:426,3
DA:427,0
DA:428,0
DA:431,3
DA:432,0
DA:433,0
DA:434,0
DA:437,3
DA:438,0
DA:439,0
DA:440,0
DA:441,0
DA:442,0
DA:445,0
DA:446,0
DA:449,3
DA:450,0
DA:451,0
DA:454,3
DA:455,0
DA:456,0
DA:457,0
DA:458,0
DA:459,0
DA:462,3
DA:463,0
DA:464,0
DA:467,3
DA:468,0
DA:469,0
DA:470,0
DA:471,0
DA:474,3
DA:475,0
DA:476,0
DA:477,0
DA:480,3
DA:481,0
DA:482,0
DA:483,0
DA:486,3
DA:487,0
DA:488,0
DA:489,0
DA:490,0
DA:491,0
DA:493,0
DA:496,3
DA:497,0
DA:498,0
DA:499,0
DA:500,0
DA:503,3
DA:504,0
DA:505,0
DA:506,0
DA:509,3
DA:521,0
DA:534,0
DA:557,0
DA:580,0
DA:603,0
DA:628,0
DA:641,0
DA:650,0
DA:658,0
DA:660,0
DA:668,0
DA:671,0
DA:673,0
DA:685,0
DA:690,0
DA:692,0
DA:693,0
DA:703,0
DA:706,0
DA:708,0
DA:721,0
DA:730,0
DA:733,0
DA:735,0
DA:748,0
DA:757,0
DA:760,0
DA:762,0
DA:774,0
DA:776,0
LF:229
LH:82
BRDA:69,0,0,0
BRDA:69,0,1,1
BRDA:75,1,0,3
BRDA:75,1,1,0
BRDA:89,2,0,0
BRDA:89,2,1,0
BRDA:89,3,0,0
BRDA:89,3,1,0
BRDA:98,4,0,0
BRDA:98,4,1,0
BRDA:103,5,0,0
BRDA:103,5,1,0
BRDA:108,6,0,0
BRDA:108,6,1,0
BRDA:108,7,0,0
BRDA:108,7,1,0
BRDA:109,8,0,0
BRDA:109,8,1,0
BRDA:118,9,0,0
BRDA:118,9,1,0
BRDA:122,10,0,0
BRDA:122,10,1,0
BRDA:122,11,0,0
BRDA:122,11,1,0
BRDA:135,12,0,0
BRDA:135,12,1,0
BRDA:141,13,0,0
BRDA:141,13,1,0
BRDA:170,14,0,0
BRDA:170,14,1,0
BRDA:177,15,0,3
BRDA:177,15,1,0
BRDA:212,16,0,3
BRDA:212,16,1,0
BRDA:219,17,0,3
BRDA:219,17,1,0
BRDA:227,18,0,0
BRDA:227,18,1,0
BRDA:265,19,0,1
BRDA:265,19,1,0
BRDA:273,20,0,1
BRDA:273,20,1,0
BRDA:309,21,0,2
BRDA:309,21,1,2
BRDA:319,22,0,2
BRDA:319,22,1,0
BRDA:323,23,0,0
BRDA:323,23,1,2
BRDA:328,24,0,2
BRDA:328,24,1,0
BRDA:328,25,0,2
BRDA:328,25,1,0
BRDA:332,26,0,0
BRDA:332,26,1,0
BRDA:344,27,0,0
BRDA:344,27,1,0
BRDA:358,28,0,0
BRDA:358,28,1,0
BRDA:364,29,0,0
BRDA:364,29,1,0
BRDA:364,30,0,0
BRDA:364,30,1,0
BRDA:366,31,0,0
BRDA:366,31,1,0
BRDA:377,32,0,0
BRDA:377,32,1,0
BRDA:379,33,0,0
BRDA:379,33,1,0
BRDA:379,34,0,0
BRDA:379,34,1,0
BRDA:395,35,0,0
BRDA:395,35,1,0
BRDA:400,36,0,0
BRDA:400,36,1,0
BRDA:405,37,0,0
BRDA:405,37,1,0
BRDA:419,38,0,0
BRDA:419,38,1,0
BRDA:427,39,0,0
BRDA:427,39,1,0
BRDA:432,40,0,0
BRDA:432,40,1,0
BRDA:438,41,0,0
BRDA:438,41,1,0
BRDA:440,42,0,0
BRDA:440,42,1,0
BRDA:440,43,0,0
BRDA:440,43,1,0
BRDA:450,44,0,0
BRDA:450,44,1,0
BRDA:456,45,0,0
BRDA:456,45,1,0
BRDA:463,46,0,0
BRDA:463,46,1,0
BRDA:468,47,0,0
BRDA:468,47,1,0
BRDA:481,48,0,0
BRDA:481,48,1,0
BRDA:482,49,0,0
BRDA:482,49,1,0
BRDA:490,50,0,0
BRDA:490,50,1,0
BRDA:491,51,0,0
BRDA:491,51,1,0
BRDA:497,52,0,0
BRDA:497,52,1,0
BRDA:497,53,0,0
BRDA:497,53,1,0
BRDA:504,54,0,0
BRDA:504,54,1,0
BRDA:505,55,0,0
BRDA:505,55,1,0
BRDA:530,56,0,0
BRDA:530,56,1,3
BRDA:535,57,0,0
BRDA:535,57,1,0
BRDA:536,58,0,0
BRDA:536,58,1,0
BRDA:559,59,0,0
BRDA:559,59,1,0
BRDA:574,60,0,3
BRDA:574,60,1,3
BRDA:585,61,0,1
BRDA:585,61,1,2
BRDA:589,62,0,0
BRDA:589,62,1,2
BRDA:589,63,0,2
BRDA:589,63,1,0
BRDA:600,64,0,2
BRDA:600,64,1,2
BRDA:621,65,0,3
BRDA:621,65,1,0
BRDA:664,66,0,3
BRDA:664,66,1,0
BRDA:664,66,2,0
BRDA:728,67,0,3
BRDA:728,67,1,0
BRDA:736,68,0,3
BRDA:736,68,1,0
BRF:139
BRH:26
end_of_record
TN:
SF:src\services\DashboardStorageService.ts
FN:20,(anonymous_0)
FN:91,(anonymous_1)
FN:97,(anonymous_2)
FN:98,(anonymous_3)
FN:102,(anonymous_4)
FN:103,(anonymous_5)
FN:105,(anonymous_6)
FN:108,(anonymous_7)
FN:109,(anonymous_8)
FN:114,(anonymous_9)
FN:124,(anonymous_10)
FN:143,(anonymous_11)
FN:148,(anonymous_12)
FN:160,(anonymous_13)
FN:173,(anonymous_14)
FN:175,(anonymous_15)
FN:179,(anonymous_16)
FN:202,(anonymous_17)
FN:204,(anonymous_18)
FN:207,(anonymous_19)
FN:208,(anonymous_20)
FN:210,(anonymous_21)
FN:221,(anonymous_22)
FN:228,(anonymous_23)
FN:234,(anonymous_24)
FN:266,(anonymous_25)
FN:296,(anonymous_26)
FN:323,(anonymous_27)
FNF:28
FNH:18
FNDA:13,(anonymous_0)
FNDA:13,(anonymous_1)
FNDA:1,(anonymous_2)
FNDA:1,(anonymous_3)
FNDA:4,(anonymous_4)
FNDA:4,(anonymous_5)
FNDA:12,(anonymous_6)
FNDA:8,(anonymous_7)
FNDA:8,(anonymous_8)
FNDA:20,(anonymous_9)
FNDA:1,(anonymous_10)
FNDA:3,(anonymous_11)
FNDA:3,(anonymous_12)
FNDA:3,(anonymous_13)
FNDA:0,(anonymous_14)
FNDA:0,(anonymous_15)
FNDA:3,(anonymous_16)
FNDA:0,(anonymous_17)
FNDA:0,(anonymous_18)
FNDA:0,(anonymous_19)
FNDA:0,(anonymous_20)
FNDA:0,(anonymous_21)
FNDA:0,(anonymous_22)
FNDA:0,(anonymous_23)
FNDA:0,(anonymous_24)
FNDA:1,(anonymous_25)
FNDA:2,(anonymous_26)
FNDA:1,(anonymous_27)
DA:7,2
DA:8,2
DA:21,13
DA:22,13
DA:23,5
DA:24,5
DA:27,8
DA:28,8
DA:30,8
DA:31,24
DA:32,0
DA:33,0
DA:36,24
DA:37,0
DA:38,0
DA:41,24
DA:42,0
DA:43,0
DA:46,24
DA:47,2
DA:48,2
DA:49,2
DA:52,24
DA:53,0
DA:64,0
DA:65,0
DA:68,24
DA:69,4
DA:70,0
DA:71,0
DA:74,4
DA:75,0
DA:76,0
DA:79,4
DA:80,0
DA:81,0
DA:86,8
DA:87,2
DA:92,13
DA:93,13
DA:94,13
DA:98,1
DA:99,1
DA:103,4
DA:104,4
DA:105,12
DA:109,8
DA:110,8
DA:112,8
DA:114,20
DA:115,8
DA:116,4
DA:118,4
DA:121,8
DA:125,1
DA:139,1
DA:140,1
DA:144,3
DA:145,3
DA:146,3
DA:148,3
DA:160,3
DA:170,3
DA:174,0
DA:175,0
DA:176,0
DA:180,3
DA:181,1
DA:187,2
DA:189,2
DA:203,0
DA:204,0
DA:206,0
DA:207,0
DA:208,0
DA:210,0
DA:211,0
DA:213,0
DA:214,0
DA:222,0
DA:223,0
DA:225,0
DA:226,0
DA:228,0
DA:229,0
DA:230,0
DA:231,0
DA:234,0
DA:239,0
DA:241,0
DA:258,0
DA:259,0
DA:267,1
DA:268,1
DA:270,1
DA:287,1
DA:288,1
DA:297,2
DA:298,2
DA:300,2
DA:301,2
DA:302,2
DA:314,2
DA:315,2
DA:324,1
DA:325,1
DA:327,1
DA:328,1
DA:329,1
DA:330,1
DA:331,1
DA:332,1
DA:335,1
DA:337,1
DA:338,1
DA:342,2
LF:116
LH:76
BRDA:22,0,0,5
BRDA:22,0,1,8
BRDA:31,1,0,0
BRDA:31,1,1,24
BRDA:36,2,0,0
BRDA:36,2,1,24
BRDA:41,3,0,0
BRDA:41,3,1,24
BRDA:46,4,0,2
BRDA:46,4,1,22
BRDA:46,5,0,24
BRDA:46,5,1,6
BRDA:52,6,0,0
BRDA:52,6,1,24
BRDA:52,7,0,24
BRDA:52,7,1,4
BRDA:52,7,2,4
BRDA:59,8,0,0
BRDA:59,8,1,0
BRDA:62,9,0,0
BRDA:62,9,1,0
BRDA:68,10,0,4
BRDA:68,10,1,20
BRDA:69,11,0,0
BRDA:69,11,1,4
BRDA:74,12,0,0
BRDA:74,12,1,4
BRDA:79,13,0,0
BRDA:79,13,1,4
BRDA:86,14,0,2
BRDA:86,14,1,6
BRDA:94,15,0,13
BRDA:94,15,1,0
BRDA:105,16,0,4
BRDA:105,16,1,0
BRDA:115,17,0,4
BRDA:115,17,1,4
BRDA:145,18,0,3
BRDA:145,18,1,0
BRDA:146,19,0,3
BRDA:146,19,1,0
BRDA:150,20,0,3
BRDA:150,20,1,0
BRDA:153,21,0,3
BRDA:153,21,1,0
BRDA:161,22,0,3
BRDA:161,22,1,0
BRDA:180,23,0,1
BRDA:180,23,1,2
BRDA:193,24,0,0
BRDA:193,24,1,2
BRDA:223,25,0,0
BRDA:223,25,1,0
BRDA:236,26,0,0
BRDA:236,26,1,0
BRDA:239,27,0,0
BRDA:239,27,1,0
BRDA:274,28,0,1
BRDA:274,28,1,1
BRDA:298,29,0,0
BRDA:298,29,1,2
BRDA:301,30,0,2
BRDA:301,30,1,0
BRDA:308,31,0,0
BRDA:308,31,1,2
BRDA:325,32,0,0
BRDA:325,32,1,1
BRDA:325,33,0,0
BRDA:325,33,1,0
BRDA:332,34,0,0
BRDA:332,34,1,1
BRF:71
BRH:39
end_of_record
TN:
SF:src\services\HierarchyStorageService.ts
FN:17,(anonymous_0)
FN:24,(anonymous_1)
FN:31,(anonymous_2)
FN:32,(anonymous_3)
FN:37,(anonymous_4)
FN:38,(anonymous_5)
FN:40,(anonymous_6)
FN:52,(anonymous_7)
FN:56,(anonymous_8)
FN:60,(anonymous_9)
FN:66,(anonymous_10)
FN:68,(anonymous_11)
FN:72,(anonymous_12)
FN:75,(anonymous_13)
FN:76,(anonymous_14)
FN:90,(anonymous_15)
FN:92,(anonymous_16)
FN:101,(anonymous_17)
FN:111,(anonymous_18)
FN:116,(anonymous_19)
FNF:20
FNH:4
FNDA:1,(anonymous_0)
FNDA:1,(anonymous_1)
FNDA:1,(anonymous_2)
FNDA:1,(anonymous_3)
FNDA:0,(anonymous_4)
FNDA:0,(anonymous_5)
FNDA:0,(anonymous_6)
FNDA:0,(anonymous_7)
FNDA:0,(anonymous_8)
FNDA:0,(anonymous_9)
FNDA:0,(anonymous_10)
FNDA:0,(anonymous_11)
FNDA:0,(anonymous_12)
FNDA:0,(anonymous_13)
FNDA:0,(anonymous_14)
FNDA:0,(anonymous_15)
FNDA:0,(anonymous_16)
FNDA:0,(anonymous_17)
FNDA:0,(anonymous_18)
FNDA:0,(anonymous_19)
DA:5,1
DA:18,1
DA:19,1
DA:20,0
DA:25,1
DA:26,1
DA:27,1
DA:32,1
DA:33,1
DA:38,0
DA:39,0
DA:40,0
DA:42,0
DA:43,0
DA:45,0
DA:48,0
DA:53,0
DA:56,0
DA:57,0
DA:60,0
DA:61,0
DA:62,0
DA:67,0
DA:68,0
DA:73,0
DA:75,0
DA:76,0
DA:78,0
DA:85,0
DA:86,0
DA:91,0
DA:92,0
DA:93,0
DA:95,0
DA:96,0
DA:97,0
DA:102,0
DA:104,0
DA:107,0
DA:108,0
DA:109,0
DA:110,0
DA:111,0
DA:112,0
DA:116,0
DA:117,0
DA:119,0
DA:120,0
DA:121,0
DA:125,1
LF:50
LH:9
BRDA:19,0,0,0
BRDA:19,0,1,1
BRDA:27,1,0,1
BRDA:27,1,1,0
BRDA:42,2,0,0
BRDA:42,2,1,0
BRDA:56,3,0,0
BRDA:56,3,1,0
BRDA:68,4,0,0
BRDA:68,4,1,0
BRDA:72,5,0,0
BRDA:76,6,0,0
BRDA:76,6,1,0
BRDA:76,7,0,0
BRDA:76,7,1,0
BRDA:93,8,0,0
BRDA:93,8,1,0
BRDA:102,9,0,0
BRDA:102,9,1,0
BRDA:107,10,0,0
BRDA:107,10,1,0
BRDA:110,11,0,0
BRDA:110,11,1,0
BRDA:112,12,0,0
BRDA:112,12,1,0
BRDA:117,13,0,0
BRDA:117,13,1,0
BRF:27
BRH:2
end_of_record
TN:
SF:src\services\NodeTypeStorageService.ts
FN:25,(anonymous_0)
FN:32,(anonymous_1)
FN:38,(anonymous_2)
FN:42,(anonymous_3)
FNF:4
FNH:3
FNDA:1,(anonymous_0)
FNDA:1,(anonymous_1)
FNDA:1,(anonymous_2)
FNDA:0,(anonymous_3)
DA:10,2
DA:12,2
DA:26,1
DA:27,1
DA:28,0
DA:33,1
DA:34,1
DA:35,1
DA:39,1
DA:43,0
DA:47,2
LF:11
LH:9
BRDA:27,0,0,0
BRDA:27,0,1,1
BRDA:35,1,0,1
BRDA:35,1,1,0
BRF:4
BRH:2
end_of_record
TN:
SF:src\services\TemplateStorageService.ts
FN:16,(anonymous_0)
FN:17,(anonymous_1)
FN:20,(anonymous_2)
FN:24,(anonymous_3)
FN:59,(anonymous_4)
FN:66,(anonymous_5)
FN:74,(anonymous_6)
FN:75,(anonymous_7)
FN:80,(anonymous_8)
FN:82,(anonymous_9)
FN:86,(anonymous_10)
FN:87,(anonymous_11)
FN:89,(anonymous_12)
FN:101,(anonymous_13)
FN:103,(anonymous_14)
FN:111,(anonymous_15)
FN:122,(anonymous_16)
FN:131,(anonymous_17)
FNF:18
FNH:14
FNDA:0,(anonymous_0)
FNDA:0,(anonymous_1)
FNDA:3,(anonymous_2)
FNDA:3,(anonymous_3)
FNDA:3,(anonymous_4)
FNDA:3,(anonymous_5)
FNDA:1,(anonymous_6)
FNDA:1,(anonymous_7)
FNDA:1,(anonymous_8)
FNDA:1,(anonymous_9)
FNDA:1,(anonymous_10)
FNDA:1,(anonymous_11)
FNDA:1,(anonymous_12)
FNDA:0,(anonymous_13)
FNDA:0,(anonymous_14)
FNDA:1,(anonymous_15)
FNDA:1,(anonymous_16)
FNDA:1,(anonymous_17)
DA:17,0
DA:21,3
DA:23,3
DA:25,3
DA:26,3
DA:31,0
DA:32,0
DA:33,0
DA:36,0
DA:37,0
DA:40,0
DA:41,0
DA:44,0
DA:45,0
DA:52,3
DA:53,0
DA:56,3
DA:60,3
DA:61,3
DA:62,2
DA:67,3
DA:68,3
DA:69,3
DA:70,3
DA:75,1
DA:76,1
DA:81,1
DA:82,1
DA:87,1
DA:88,1
DA:89,1
DA:91,1
DA:92,0
DA:94,1
DA:97,1
DA:102,0
DA:103,0
DA:104,0
DA:112,1
DA:122,1
DA:131,1
DA:140,1
DA:141,1
DA:145,1
LF:44
LH:29
BRDA:25,0,0,3
BRDA:25,0,1,0
BRDA:31,1,0,0
BRDA:31,1,1,0
BRDA:36,2,0,0
BRDA:36,2,1,0
BRDA:40,3,0,0
BRDA:40,3,1,0
BRDA:52,4,0,0
BRDA:52,4,1,3
BRDA:61,5,0,2
BRDA:61,5,1,1
BRDA:69,6,0,3
BRDA:69,6,1,0
BRDA:82,7,0,1
BRDA:82,7,1,0
BRDA:91,8,0,0
BRDA:91,8,1,1
BRDA:126,9,0,0
BRDA:126,9,1,1
BRDA:127,10,0,0
BRDA:127,10,1,1
BRDA:129,11,0,0
BRDA:129,11,1,1
BRF:24
BRH:10
end_of_record
TN:
SF:src\services\VariableCatalogStorageService.ts
FN:14,(anonymous_0)
FN:21,(anonymous_1)
FN:27,(anonymous_2)
FN:32,(anonymous_3)
FN:33,(anonymous_4)
FN:38,(anonymous_5)
FN:40,(anonymous_6)
FN:44,(anonymous_7)
FN:46,(anonymous_8)
FN:53,(anonymous_9)
FN:56,(anonymous_10)
FN:74,(anonymous_11)
FN:76,(anonymous_12)
FN:84,(anonymous_13)
FN:105,(anonymous_14)
FN:107,(anonymous_15)
FN:121,(anonymous_16)
FN:131,(anonymous_17)
FN:133,(anonymous_18)
FN:136,(anonymous_19)
FNF:20
FNH:8
FNDA:1,(anonymous_0)
FNDA:1,(anonymous_1)
FNDA:0,(anonymous_2)
FNDA:1,(anonymous_3)
FNDA:1,(anonymous_4)
FNDA:0,(anonymous_5)
FNDA:0,(anonymous_6)
FNDA:0,(anonymous_7)
FNDA:0,(anonymous_8)
FNDA:0,(anonymous_9)
FNDA:0,(anonymous_10)
FNDA:0,(anonymous_11)
FNDA:0,(anonymous_12)
FNDA:0,(anonymous_13)
FNDA:0,(anonymous_14)
FNDA:0,(anonymous_15)
FNDA:1,(anonymous_16)
FNDA:1,(anonymous_17)
FNDA:1,(anonymous_18)
FNDA:1,(anonymous_19)
DA:5,1
DA:15,1
DA:16,1
DA:17,0
DA:22,1
DA:23,1
DA:24,1
DA:28,0
DA:33,1
DA:34,1
DA:39,0
DA:40,0
DA:45,0
DA:46,0
DA:54,0
DA:55,0
DA:57,0
DA:61,0
DA:62,0
DA:65,0
DA:66,0
DA:67,0
DA:75,0
DA:76,0
DA:78,0
DA:79,0
DA:82,0
DA:83,0
DA:85,0
DA:90,0
DA:91,0
DA:94,0
DA:100,0
DA:101,0
DA:106,0
DA:107,0
DA:109,0
DA:110,0
DA:113,0
DA:114,0
DA:122,1
DA:124,1
DA:125,0
DA:128,1
DA:130,1
DA:132,1
DA:133,1
DA:136,1
DA:143,1
LF:49
LH:16
BRDA:16,0,0,0
BRDA:16,0,1,1
BRDA:24,1,0,1
BRDA:24,1,1,0
BRDA:40,2,0,0
BRDA:40,2,1,0
BRDA:57,3,0,0
BRDA:57,3,1,0
BRDA:61,4,0,0
BRDA:61,4,1,0
BRDA:78,5,0,0
BRDA:78,5,1,0
BRDA:85,6,0,0
BRDA:85,6,1,0
BRDA:85,6,2,0
BRDA:90,7,0,0
BRDA:90,7,1,0
BRDA:109,8,0,0
BRDA:109,8,1,0
BRDA:124,9,0,0
BRDA:124,9,1,1
BRF:21
BRH:3
end_of_record
TN:
SF:src\services\nodeRedOverview.service.ts
FN:7,(anonymous_0)
FN:14,fetchNodeRedOverview
FNF:2
FNH:2
FNDA:4,(anonymous_0)
FNDA:4,fetchNodeRedOverview
DA:8,4
DA:9,4
DA:10,4
DA:15,4
DA:17,4
DA:18,1
DA:23,3
DA:24,3
DA:31,1
DA:36,2
DA:37,1
DA:43,1
LF:12
LH:12
BRDA:17,0,0,1
BRDA:17,0,1,3
BRDA:36,1,0,1
BRDA:36,1,1,1
BRF:4
BRH:4
end_of_record
TN:
SF:src\store\ui.store.ts
FN:44,(anonymous_0)
FN:47,(anonymous_1)
FN:47,(anonymous_2)
FN:51,(anonymous_3)
FN:51,(anonymous_4)
FN:52,(anonymous_5)
FN:58,(anonymous_6)
FN:59,(anonymous_7)
FN:60,(anonymous_8)
FN:64,(anonymous_9)
FN:68,(anonymous_10)
FN:72,(anonymous_11)
FN:73,(anonymous_12)
FNF:13
FNH:12
FNDA:5,(anonymous_0)
FNDA:3,(anonymous_1)
FNDA:3,(anonymous_2)
FNDA:1,(anonymous_3)
FNDA:1,(anonymous_4)
FNDA:0,(anonymous_5)
FNDA:1,(anonymous_6)
FNDA:1,(anonymous_7)
FNDA:1,(anonymous_8)
FNDA:1,(anonymous_9)
FNDA:1,(anonymous_10)
FNDA:5,(anonymous_11)
FNDA:52,(anonymous_12)
DA:42,5
DA:44,5
DA:47,3
DA:51,1
DA:52,0
DA:58,1
DA:59,1
DA:60,1
DA:64,1
DA:68,1
DA:72,5
DA:73,52
LF:12
LH:11
BRF:0
BRH:0
end_of_record
TN:
SF:src\utils\adminNavigation.ts
FN:28,matchesPrefix
FN:32,getAdminSectionByPath
FN:33,(anonymous_2)
FN:33,(anonymous_3)
FNF:4
FNH:4
FNDA:9,matchesPrefix
FNDA:3,getAdminSectionByPath
FNDA:6,(anonymous_2)
FNDA:9,(anonymous_3)
DA:11,1
DA:29,9
DA:33,9
LF:3
LH:3
BRDA:29,0,0,9
BRDA:29,0,1,9
BRF:2
BRH:2
end_of_record
TN:
SF:src\utils\chartHelpers.ts
FN:12,smoothPath
FN:26,buildAreaPath
FN:34,formatTick
FN:38,clamp
FN:42,round2
FN:52,getTextWidth
FN:79,computeVisibleLabelIndices
FN:90,(anonymous_7)
FNF:8
FNH:0
FNDA:0,smoothPath
FNDA:0,buildAreaPath
FNDA:0,formatTick
FNDA:0,clamp
FNDA:0,round2
FNDA:0,getTextWidth
FNDA:0,computeVisibleLabelIndices
FNDA:0,(anonymous_7)
DA:13,0
DA:15,0
DA:16,0
DA:17,0
DA:18,0
DA:19,0
DA:20,0
DA:23,0
DA:27,0
DA:29,0
DA:30,0
DA:31,0
DA:35,0
DA:39,0
DA:43,0
DA:50,1
DA:53,0
DA:55,0
DA:56,0
DA:57,0
DA:59,0
DA:61,0
DA:62,0
DA:86,0
DA:87,0
DA:88,0
DA:90,0
DA:91,0
DA:95,0
DA:97,0
DA:98,0
DA:99,0
DA:100,0
DA:103,0
DA:105,0
DA:106,0
DA:107,0
DA:112,0
DA:113,0
DA:114,0
DA:115,0
DA:116,0
DA:117,0
DA:119,0
DA:120,0
DA:124,0
LF:46
LH:1
BRDA:13,0,0,0
BRDA:13,0,1,0
BRDA:27,1,0,0
BRDA:27,1,1,0
BRDA:27,2,0,0
BRDA:27,2,1,0
BRDA:35,3,0,0
BRDA:35,3,1,0
BRDA:53,4,0,0
BRDA:53,4,1,0
BRDA:55,5,0,0
BRDA:55,5,1,0
BRDA:59,6,0,0
BRDA:59,6,1,0
BRDA:82,7,0,0
BRDA:83,8,0,0
BRDA:87,9,0,0
BRDA:87,9,1,0
BRDA:88,10,0,0
BRDA:88,10,1,0
BRDA:103,11,0,0
BRDA:103,11,1,0
BRDA:103,12,0,0
BRDA:103,12,1,0
BRDA:105,13,0,0
BRDA:105,13,1,0
BRDA:112,14,0,0
BRDA:112,14,1,0
BRDA:112,15,0,0
BRDA:112,15,1,0
BRDA:117,16,0,0
BRDA:117,16,1,0
BRDA:119,17,0,0
BRDA:119,17,1,0
BRDA:119,18,0,0
BRDA:119,18,1,0
BRF:36
BRH:0
end_of_record
TN:
SF:src\utils\connectionWidget.ts
FN:37,createDefaultConnectionIndicatorDisplayOptions
FN:38,(anonymous_1)
FN:44,normalizeSimulatedConnectionState
FN:71,resolveConnectionIndicatorLabel
FN:93,createDefaultConnectionStatusDisplayOptions
FN:100,normalizeSimulatedConnectionStatus
FN:113,resolveConnectionStatusLabel
FNF:7
FNH:0
FNDA:0,createDefaultConnectionIndicatorDisplayOptions
FNDA:0,(anonymous_1)
FNDA:0,normalizeSimulatedConnectionState
FNDA:0,resolveConnectionIndicatorLabel
FNDA:0,createDefaultConnectionStatusDisplayOptions
FNDA:0,normalizeSimulatedConnectionStatus
FNDA:0,resolveConnectionStatusLabel
DA:10,2
DA:18,2
DA:29,2
DA:38,0
DA:39,0
DA:40,0
DA:45,0
DA:46,0
DA:47,0
DA:48,0
DA:50,0
DA:51,0
DA:53,0
DA:54,0
DA:56,0
DA:59,0
DA:60,0
DA:61,0
DA:64,0
DA:65,0
DA:68,0
DA:75,0
DA:76,0
DA:77,0
DA:80,2
DA:88,2
DA:94,0
DA:101,0
DA:102,0
DA:103,0
DA:104,0
DA:105,0
DA:110,0
DA:117,0
DA:118,0
DA:119,0
DA:120,0
LF:37
LH:5
BRDA:45,0,0,0
BRDA:45,0,1,0
BRDA:47,1,0,0
BRDA:47,1,1,0
BRDA:50,2,0,0
BRDA:50,2,1,0
BRDA:50,3,0,0
BRDA:50,3,1,0
BRDA:50,3,2,0
BRDA:50,3,3,0
BRDA:53,4,0,0
BRDA:53,4,1,0
BRDA:53,5,0,0
BRDA:53,5,1,0
BRDA:53,5,2,0
BRDA:53,5,3,0
BRDA:59,6,0,0
BRDA:59,6,1,0
BRDA:60,7,0,0
BRDA:60,7,1,0
BRDA:61,8,0,0
BRDA:61,8,1,0
BRDA:64,9,0,0
BRDA:64,9,1,0
BRDA:65,10,0,0
BRDA:65,10,1,0
BRDA:76,11,0,0
BRDA:76,11,1,0
BRDA:77,12,0,0
BRDA:77,12,1,0
BRDA:101,13,0,0
BRDA:101,13,1,0
BRDA:102,14,0,0
BRDA:102,14,1,0
BRDA:103,15,0,0
BRDA:103,15,1,0
BRDA:105,16,0,0
BRDA:105,16,1,0
BRDA:105,16,2,0
BRDA:105,16,3,0
BRDA:117,17,0,0
BRDA:117,17,1,0
BRDA:119,18,0,0
BRDA:119,18,1,0
BRDA:120,19,0,0
BRDA:120,19,1,0
BRF:46
BRH:0
end_of_record
TN:
SF:src\utils\dashboardBoundsSettings.ts
FN:16,isSameLayout
FN:20,planDashboardBoundsChange
FN:25,(anonymous_2)
FNF:3
FNH:3
FNDA:6,isSameLayout
FNDA:6,planDashboardBoundsChange
FNDA:6,(anonymous_2)
DA:17,6
DA:21,6
DA:23,6
DA:25,6
DA:26,6
DA:28,6
DA:29,4
DA:32,6
DA:38,6
LF:9
LH:9
BRDA:17,0,0,6
BRDA:17,0,1,5
BRDA:17,0,2,2
BRDA:17,0,3,2
BRDA:28,1,0,4
BRDA:28,1,1,2
BRF:6
BRH:6
end_of_record
TN:
SF:src\utils\gridConfig.ts
FN:29,computeGridCols
FN:34,fitToAspect
FN:52,getRowHeight
FN:58,clampWidgetBounds
FN:80,computeCanvasReference
FN:92,isTemplateApplicable
FN:99,getGridTemplateStyle
FN:107,getWidgetSpanStyle
FN:120,computeCellWidth
FN:133,computeViewerReferenceWidth
FNF:10
FNH:7
FNDA:3,computeGridCols
FNDA:4,fitToAspect
FNDA:42,getRowHeight
FNDA:17,clampWidgetBounds
FNDA:3,computeCanvasReference
FNDA:11,isTemplateApplicable
FNDA:62,getGridTemplateStyle
FNDA:0,getWidgetSpanStyle
FNDA:0,computeCellWidth
FNDA:0,computeViewerReferenceWidth
DA:11,8
DA:12,8
DA:13,8
DA:14,8
DA:15,8
DA:16,8
DA:17,8
DA:19,8
DA:30,3
DA:31,3
DA:35,4
DA:36,4
DA:37,4
DA:39,4
DA:40,0
DA:43,4
DA:45,4
DA:46,4
DA:49,0
DA:53,42
DA:54,42
DA:55,42
DA:59,17
DA:60,17
DA:61,17
DA:62,17
DA:64,17
DA:81,3
DA:82,3
DA:84,3
DA:93,11
DA:100,62
DA:108,0
DA:109,0
DA:110,0
DA:121,0
DA:134,0
DA:135,0
DA:136,0
LF:39
LH:30
BRDA:39,0,0,0
BRDA:39,0,1,4
BRDA:39,1,0,4
BRDA:39,1,1,4
BRDA:45,2,0,4
BRDA:45,2,1,0
BRDA:134,3,0,0
BRDA:134,3,1,0
BRDA:135,4,0,0
BRDA:135,4,1,0
BRF:10
BRH:4
end_of_record
TN:
SF:src\utils\headerWidgets.ts
FN:14,isHeaderCompatibleWidgetType
FN:18,isHeaderCompatibleWidget
FN:22,serializeHeaderWidgetDragPayload
FN:26,parseHeaderWidgetDragPayload
FN:55,getFirstFreeHeaderSlot
FNF:5
FNH:2
FNDA:60,isHeaderCompatibleWidgetType
FNDA:60,isHeaderCompatibleWidget
FNDA:0,serializeHeaderWidgetDragPayload
FNDA:0,parseHeaderWidgetDragPayload
FNDA:0,getFirstFreeHeaderSlot
DA:3,2
DA:4,2
DA:6,2
DA:15,60
DA:19,60
DA:23,0
DA:27,0
DA:28,0
DA:30,0
DA:35,0
DA:38,0
DA:44,0
DA:56,0
DA:57,0
DA:59,0
LF:15
LH:5
BRDA:30,0,0,0
BRDA:30,0,1,0
BRDA:31,1,0,0
BRDA:31,1,1,0
BRDA:31,1,2,0
BRDA:31,1,3,0
BRDA:57,2,0,0
BRDA:57,2,1,0
BRF:8
BRH:0
end_of_record
TN:
SF:src\utils\hierarchyTree.ts
FN:20,buildTree
FN:43,(anonymous_1)
FN:44,(anonymous_2)
FN:60,getAncestors
FN:64,(anonymous_4)
FN:76,findNodeInTree
FN:94,filterTreeByName
FN:104,(anonymous_7)
FN:121,treeContainsNodeId
FNF:9
FNH:3
FNDA:2,buildTree
FNDA:3,(anonymous_1)
FNDA:0,(anonymous_2)
FNDA:0,getAncestors
FNDA:0,(anonymous_4)
FNDA:0,findNodeInTree
FNDA:2,filterTreeByName
FNDA:0,(anonymous_7)
FNDA:0,treeContainsNodeId
DA:21,2
DA:24,2
DA:25,2
DA:28,2
DA:31,2
DA:32,2
DA:33,1
DA:35,1
DA:36,1
DA:37,1
DA:43,2
DA:44,3
DA:45,3
DA:46,2
DA:47,1
DA:52,2
DA:53,2
DA:64,0
DA:65,0
DA:66,0
DA:68,0
DA:69,0
DA:70,0
DA:73,0
DA:80,0
DA:81,0
DA:82,0
DA:85,0
DA:86,0
DA:87,0
DA:91,0
DA:98,2
DA:100,2
DA:101,2
DA:104,0
DA:105,0
DA:106,0
DA:108,0
DA:109,0
DA:112,0
DA:117,0
DA:125,0
LF:42
LH:20
BRDA:32,0,0,1
BRDA:32,0,1,1
BRDA:36,1,0,1
BRDA:36,1,1,0
BRDA:46,2,0,1
BRDA:46,2,1,1
BRDA:70,3,0,0
BRDA:70,3,1,0
BRDA:81,4,0,0
BRDA:81,4,1,0
BRDA:86,5,0,0
BRDA:86,5,1,0
BRDA:100,6,0,2
BRDA:100,6,1,0
BRDA:108,7,0,0
BRDA:108,7,1,0
BRDA:108,8,0,0
BRDA:108,8,1,0
BRDA:114,9,0,0
BRDA:114,9,1,0
BRF:20
BRH:6
end_of_record
TN:
SF:src\utils\idGenerator.ts
FN:7,generateWidgetId
FNF:1
FNH:1
FNDA:2,generateWidgetId
DA:8,2
DA:9,2
DA:10,2
LF:3
LH:3
BRF:0
BRH:0
end_of_record
TN:
SF:src\utils\legacyStorageCleanup.ts
FN:18,cleanupLegacyStorage
FN:23,(anonymous_1)
FNF:2
FNH:2
FNDA:4,cleanupLegacyStorage
FNDA:21,(anonymous_1)
DA:1,7
DA:2,7
DA:3,7
DA:4,7
DA:5,7
DA:6,7
DA:8,7
DA:19,4
DA:20,1
DA:23,3
DA:24,21
LF:11
LH:11
BRDA:19,0,0,1
BRDA:19,0,1,3
BRF:2
BRH:2
end_of_record
TN:
SF:src\utils\nodeTypeIcons.ts
FNF:0
FNH:0
DA:27,1
DA:47,1
DA:49,1
LF:3
LH:3
BRF:0
BRH:0
end_of_record
TN:
SF:src\utils\nodeTypeLabels.ts
FN:3,buildNodeTypeLabels
FN:4,(anonymous_1)
FN:9,applyNodeTypeLabels
FN:20,loadNodeTypeLabels
FN:26,resolveTypeLabel
FNF:5
FNH:3
FNDA:4,buildNodeTypeLabels
FNDA:13,(anonymous_1)
FNDA:1,applyNodeTypeLabels
FNDA:0,loadNodeTypeLabels
FNDA:0,resolveTypeLabel
DA:4,13
DA:7,1
DA:10,1
DA:12,1
DA:13,9
DA:16,1
DA:17,1
DA:21,0
DA:22,0
DA:27,0
DA:28,0
LF:11
LH:7
BRDA:26,0,0,0
BRDA:27,1,0,0
BRDA:27,1,1,0
BRDA:27,2,0,0
BRDA:27,2,1,0
BRDA:28,3,0,0
BRDA:28,3,1,0
BRF:7
BRH:0
end_of_record
TN:
SF:src\utils\statusWidget.ts
FN:34,createDefaultStatusDisplayOptions
FN:35,(anonymous_1)
FN:41,normalizeSimulatedEquipmentStatus
FN:64,resolveStatusLabel
FNF:4
FNH:2
FNDA:1,createDefaultStatusDisplayOptions
FNDA:7,(anonymous_1)
FNDA:0,normalizeSimulatedEquipmentStatus
FNDA:0,resolveStatusLabel
DA:4,2
DA:14,2
DA:24,2
DA:35,1
DA:36,7
DA:37,7
DA:42,0
DA:43,0
DA:44,0
DA:45,0
DA:47,0
DA:48,0
DA:49,0
DA:52,0
DA:53,0
DA:54,0
DA:57,0
DA:58,0
DA:61,0
DA:65,0
DA:66,0
DA:67,0
LF:22
LH:6
BRDA:42,0,0,0
BRDA:42,0,1,0
BRDA:44,1,0,0
BRDA:44,1,1,0
BRDA:47,2,0,0
BRDA:47,2,1,0
BRDA:47,3,0,0
BRDA:47,3,1,0
BRDA:48,4,0,0
BRDA:48,4,1,0
BRDA:48,5,0,0
BRDA:48,5,1,0
BRDA:52,6,0,0
BRDA:52,6,1,0
BRDA:53,7,0,0
BRDA:53,7,1,0
BRDA:54,8,0,0
BRDA:54,8,1,0
BRDA:57,9,0,0
BRDA:57,9,1,0
BRDA:58,10,0,0
BRDA:58,10,1,0
BRDA:66,11,0,0
BRDA:66,11,1,0
BRDA:67,12,0,0
BRDA:67,12,1,0
BRF:26
BRH:0
end_of_record
TN:
SF:src\utils\templateAspectMismatch.ts
FN:3,buildTemplateAspectMismatchMessage
FN:20,(anonymous_1)
FNF:2
FNH:2
FNDA:9,buildTemplateAspectMismatchMessage
FNDA:2,(anonymous_1)
DA:7,9
DA:21,2
DA:22,2
DA:23,2
DA:24,2
LF:5
LH:5
BRDA:21,0,0,2
BRDA:21,0,1,1
BRF:2
BRH:2
end_of_record
TN:
SF:src\utils\trendDataGenerator.ts
FN:23,generateTrendData
FNF:1
FNH:0
FNDA:0,generateTrendData
DA:29,0
DA:30,0
DA:31,0
DA:34,0
DA:35,0
DA:36,0
DA:37,0
DA:39,0
DA:41,0
DA:49,0
DA:50,0
DA:53,0
LF:12
LH:0
BRDA:26,0,0,0
BRDA:27,1,0,0
BRDA:29,2,0,0
BRDA:29,2,1,0
BRF:4
BRH:0
end_of_record
TN:
SF:src\utils\useCanvasReference.ts
FN:25,computeCanvasMetrics
FN:50,getInitialMetrics
FN:54,useCanvasReference
FN:59,(anonymous_3)
FN:61,(anonymous_4)
FN:62,(anonymous_5)
FN:69,(anonymous_6)
FN:71,(anonymous_7)
FN:82,(anonymous_8)
FN:100,(anonymous_9)
FNF:10
FNH:10
FNDA:39,computeCanvasMetrics
FNDA:18,getInitialMetrics
FNDA:67,useCanvasReference
FNDA:18,(anonymous_3)
FNDA:18,(anonymous_4)
FNDA:37,(anonymous_5)
FNDA:19,(anonymous_6)
FNDA:19,(anonymous_7)
FNDA:19,(anonymous_8)
FNDA:18,(anonymous_9)
DA:33,39
DA:34,39
DA:35,39
DA:36,39
DA:38,39
DA:51,18
DA:55,67
DA:57,67
DA:58,67
DA:59,67
DA:61,67
DA:62,18
DA:63,37
DA:64,19
DA:65,19
DA:69,18
DA:70,19
DA:71,19
DA:72,19
DA:73,19
DA:77,18
DA:78,18
DA:79,0
DA:82,18
DA:83,19
DA:84,19
DA:85,0
DA:88,19
DA:98,18
DA:100,18
DA:101,18
DA:102,18
DA:106,67
LF:33
LH:31
BRDA:35,0,0,39
BRDA:35,0,1,1
BRDA:36,1,0,39
BRDA:36,1,1,1
BRDA:44,2,0,39
BRDA:44,2,1,19
BRDA:45,3,0,39
BRDA:45,3,1,19
BRDA:46,4,0,39
BRDA:46,4,1,0
BRDA:54,5,0,67
BRDA:55,6,0,67
BRDA:55,7,0,67
BRDA:63,8,0,19
BRDA:63,8,1,18
BRDA:78,9,0,0
BRDA:78,9,1,18
BRDA:84,10,0,0
BRDA:84,10,1,19
BRF:19
BRH:16
end_of_record
TN:
SF:src\utils\widgetCapabilities.ts
FN:37,getWidgetCapabilities
FN:44,supportsCatalogVariable
FN:51,supportsHierarchy
FNF:3
FNH:3
FNDA:24,getWidgetCapabilities
FNDA:12,supportsCatalogVariable
FNDA:12,supportsHierarchy
DA:16,2
DA:29,2
DA:38,24
DA:45,12
DA:52,12
LF:5
LH:5
BRDA:38,0,0,24
BRDA:38,0,1,0
BRF:2
BRH:1
end_of_record
TN:
SF:src\utils\widgetInteraction.ts
FN:17,layoutToPixelBounds
FN:29,pixelBoundsToGridBounds
FN:41,applyPointerDeltaToPixelBounds
FNF:3
FNH:3
FNDA:7,layoutToPixelBounds
FNDA:6,pixelBoundsToGridBounds
FNDA:7,applyPointerDeltaToPixelBounds
DA:21,7
DA:33,6
DA:47,7
DA:48,4
DA:56,3
LF:5
LH:5
BRDA:34,0,0,6
BRDA:34,0,1,0
BRDA:35,1,0,6
BRDA:35,1,1,0
BRDA:36,2,0,6
BRDA:36,2,1,0
BRDA:37,3,0,6
BRDA:37,3,1,0
BRDA:47,4,0,4
BRDA:47,4,1,3
BRF:10
BRH:6
end_of_record
TN:
SF:src\widgets\renderers\KpiWidget.tsx
FN:29,KpiWidget
FN:46,(anonymous_1)
FN:121,getDynamicColors
FN:124,(anonymous_3)
FN:125,(anonymous_4)
FN:152,CircularKpi
FN:222,BarKpi
FNF:7
FNH:2
FNDA:2,KpiWidget
FNDA:0,(anonymous_1)
FNDA:0,getDynamicColors
FNDA:0,(anonymous_3)
FNDA:0,(anonymous_4)
FNDA:2,CircularKpi
FNDA:0,BarKpi
DA:9,1
DA:30,2
DA:31,0
DA:39,2
DA:41,2
DA:47,0
DA:48,0
DA:52,2
DA:53,2
DA:54,2
DA:55,2
DA:58,2
DA:59,2
DA:60,2
DA:61,2
DA:62,2
DA:63,2
DA:65,2
DA:74,2
DA:75,2
DA:78,2
DA:79,2
DA:80,2
DA:86,2
DA:122,0
DA:124,0
DA:125,0
DA:128,0
DA:129,0
DA:136,0
DA:137,0
DA:144,0
DA:153,2
DA:154,2
DA:155,2
DA:156,2
DA:158,2
DA:159,2
DA:160,2
DA:162,2
DA:163,2
DA:164,2
DA:166,2
DA:223,0
DA:224,0
DA:225,0
DA:226,0
DA:228,0
DA:229,0
DA:233,0
LF:50
LH:32
BRDA:30,0,0,0
BRDA:30,0,1,2
BRDA:32,1,0,0
BRDA:32,1,1,0
BRDA:41,2,0,1
BRDA:41,2,1,1
BRDA:43,3,0,1
BRDA:43,3,1,0
BRDA:45,4,0,0
BRDA:45,4,1,0
BRDA:48,5,0,0
BRDA:48,5,1,0
BRDA:53,6,0,2
BRDA:53,6,1,2
BRDA:54,7,0,2
BRDA:54,7,1,2
BRDA:55,8,0,2
BRDA:55,8,1,2
BRDA:58,9,0,2
BRDA:58,9,1,1
BRDA:58,9,2,1
BRDA:62,10,0,0
BRDA:62,10,1,2
BRDA:63,11,0,2
BRDA:63,11,1,0
BRDA:65,12,0,2
BRDA:65,12,1,0
BRDA:67,13,0,0
BRDA:67,13,1,0
BRDA:69,14,0,0
BRDA:69,14,1,0
BRDA:79,15,0,0
BRDA:79,15,1,2
BRDA:79,16,0,2
BRDA:79,16,1,0
BRDA:80,17,0,2
BRDA:80,17,1,0
BRDA:80,18,0,2
BRDA:80,18,1,0
BRDA:82,19,0,0
BRDA:82,19,1,0
BRDA:87,20,0,2
BRDA:87,20,1,2
BRDA:93,21,0,2
BRDA:93,21,1,0
BRDA:103,22,0,2
BRDA:103,22,1,0
BRDA:112,23,0,2
BRDA:112,23,1,0
BRDA:122,24,0,0
BRDA:122,24,1,0
BRDA:122,25,0,0
BRDA:122,25,1,0
BRDA:128,26,0,0
BRDA:128,26,1,0
BRDA:128,27,0,0
BRDA:128,27,1,0
BRDA:136,28,0,0
BRDA:136,28,1,0
BRDA:136,29,0,0
BRDA:136,29,1,0
BRDA:153,30,0,2
BRDA:153,30,1,1
BRDA:156,31,0,0
BRDA:156,31,1,2
BRDA:162,32,0,0
BRDA:162,32,1,2
BRDA:162,33,0,2
BRDA:162,33,1,0
BRDA:163,34,0,0
BRDA:163,34,1,2
BRDA:164,35,0,0
BRDA:164,35,1,2
BRDA:215,36,0,1
BRDA:215,36,1,1
BRDA:215,37,0,0
BRDA:215,37,1,1
BRDA:216,38,0,2
BRDA:216,38,1,1
BRDA:216,38,2,1
BRDA:223,39,0,0
BRDA:223,39,1,0
BRDA:226,40,0,0
BRDA:226,40,1,0
BRDA:228,41,0,0
BRDA:228,41,1,0
BRDA:228,42,0,0
BRDA:228,42,1,0
BRDA:229,43,0,0
BRDA:229,43,1,0
BRDA:236,44,0,0
BRDA:236,44,1,0
BRDA:236,45,0,0
BRDA:236,45,1,0
BRDA:237,46,0,0
BRDA:237,46,1,0
BRDA:237,46,2,0
BRF:97
BRH:38
end_of_record
TN:
SF:src\widgets\renderers\MetricWidget.tsx
FN:45,MetricWidget
FNF:1
FNH:1
FNDA:1,MetricWidget
DA:11,1
DA:53,1
DA:54,0
DA:57,1
DA:60,1
DA:69,1
DA:70,0
DA:73,1
DA:74,1
DA:76,0
DA:83,1
DA:84,1
DA:85,1
DA:86,1
DA:87,1
DA:89,1
DA:94,1
DA:99,1
DA:102,1
DA:105,1
LF:20
LH:17
BRDA:49,0,0,1
BRDA:53,1,0,0
BRDA:53,1,1,1
BRDA:54,2,0,0
BRDA:54,2,1,0
BRDA:57,3,0,0
BRDA:57,3,1,1
BRDA:57,4,0,1
BRDA:57,4,1,0
BRDA:69,5,0,0
BRDA:69,5,1,1
BRDA:74,6,0,0
BRDA:74,6,1,1
BRDA:76,7,0,0
BRDA:76,7,1,0
BRDA:86,8,0,0
BRDA:86,8,1,1
BRDA:87,9,0,1
BRDA:87,9,1,0
BRDA:89,10,0,1
BRDA:89,10,1,0
BRDA:91,11,0,0
BRDA:91,11,1,0
BRDA:93,12,0,0
BRDA:93,12,1,0
BRDA:94,13,0,1
BRDA:94,13,1,0
BRDA:94,14,0,1
BRDA:94,14,1,0
BRDA:102,15,0,1
BRDA:102,15,1,0
BRDA:106,16,0,1
BRDA:106,16,1,1
BRDA:108,17,0,1
BRDA:108,17,1,0
BRDA:116,18,0,1
BRDA:116,18,1,0
BRDA:119,19,0,1
BRDA:119,19,1,0
BRDA:119,19,2,0
BRF:40
BRH:17
end_of_record
TN:
SF:src\widgets\renderers\TrendChartWidget.tsx
FN:70,TrendChartSvg
FN:90,(anonymous_1)
FN:95,(anonymous_2)
FN:104,(anonymous_3)
FN:108,(anonymous_4)
FN:154,(anonymous_5)
FN:181,(anonymous_6)
FN:252,(anonymous_7)
FN:253,(anonymous_8)
FN:254,(anonymous_9)
FN:262,(anonymous_10)
FN:281,(anonymous_11)
FN:317,TrendChartContainer
FN:331,(anonymous_13)
FN:336,(anonymous_14)
FN:340,(anonymous_15)
FN:346,(anonymous_16)
FN:363,(anonymous_17)
FN:384,TrendChartWidget
FN:398,(anonymous_19)
FN:405,(anonymous_20)
FN:409,(anonymous_21)
FNF:22
FNH:2
FNDA:0,TrendChartSvg
FNDA:0,(anonymous_1)
FNDA:0,(anonymous_2)
FNDA:0,(anonymous_3)
FNDA:0,(anonymous_4)
FNDA:0,(anonymous_5)
FNDA:0,(anonymous_6)
FNDA:0,(anonymous_7)
FNDA:0,(anonymous_8)
FNDA:0,(anonymous_9)
FNDA:0,(anonymous_10)
FNDA:0,(anonymous_11)
FNDA:0,TrendChartContainer
FNDA:0,(anonymous_13)
FNDA:0,(anonymous_14)
FNDA:0,(anonymous_15)
FNDA:0,(anonymous_16)
FNDA:0,(anonymous_17)
FNDA:1,TrendChartWidget
FNDA:0,(anonymous_19)
FNDA:1,(anonymous_20)
FNDA:0,(anonymous_21)
DA:27,1
DA:81,0
DA:83,0
DA:84,0
DA:85,0
DA:86,0
DA:87,0
DA:89,0
DA:90,0
DA:91,0
DA:92,0
DA:95,0
DA:100,0
DA:101,0
DA:102,0
DA:104,0
DA:108,0
DA:113,0
DA:114,0
DA:115,0
DA:116,0
DA:117,0
DA:119,0
DA:155,0
DA:182,0
DA:183,0
DA:184,0
DA:186,0
DA:253,0
DA:254,0
DA:255,0
DA:262,0
DA:263,0
DA:264,0
DA:282,0
DA:326,0
DA:327,0
DA:328,0
DA:329,0
DA:331,0
DA:332,0
DA:333,0
DA:336,0
DA:337,0
DA:338,0
DA:340,0
DA:341,0
DA:342,0
DA:345,0
DA:346,0
DA:349,0
DA:364,0
DA:365,0
DA:371,0
DA:391,1
DA:393,1
DA:399,0
DA:400,0
DA:404,1
DA:405,1
DA:409,1
DA:410,1
DA:411,1
DA:412,1
DA:413,1
DA:414,1
DA:415,1
DA:417,1
DA:418,0
DA:427,1
LF:70
LH:14
BRDA:81,0,0,0
BRDA:81,0,1,0
BRDA:81,1,0,0
BRDA:81,1,1,0
BRDA:81,1,2,0
BRDA:183,2,0,0
BRDA:183,2,1,0
BRDA:183,3,0,0
BRDA:183,3,1,0
BRDA:184,4,0,0
BRDA:184,4,1,0
BRDA:206,5,0,0
BRDA:206,5,1,0
BRDA:206,6,0,0
BRDA:206,6,1,0
BRDA:212,7,0,0
BRDA:212,7,1,0
BRDA:220,8,0,0
BRDA:220,8,1,0
BRDA:230,9,0,0
BRDA:230,9,1,0
BRDA:263,10,0,0
BRDA:263,10,1,0
BRDA:309,11,0,0
BRDA:309,11,1,0
BRDA:309,12,0,0
BRDA:309,12,1,0
BRDA:309,12,2,0
BRDA:333,13,0,0
BRDA:333,13,1,0
BRDA:333,14,0,0
BRDA:333,14,1,0
BRDA:338,15,0,0
BRDA:338,15,1,0
BRDA:363,16,0,0
BRDA:363,16,1,0
BRDA:363,16,2,0
BRDA:363,16,3,0
BRDA:367,17,0,0
BRDA:367,17,1,0
BRDA:388,18,0,1
BRDA:393,19,0,1
BRDA:393,19,1,0
BRDA:395,20,0,0
BRDA:395,20,1,0
BRDA:397,21,0,0
BRDA:397,21,1,0
BRDA:400,22,0,0
BRDA:400,22,1,0
BRDA:405,23,0,1
BRDA:405,23,1,0
BRDA:410,24,0,0
BRDA:410,24,1,1
BRDA:411,25,0,0
BRDA:411,25,1,1
BRDA:412,26,0,0
BRDA:412,26,1,1
BRDA:412,27,0,0
BRDA:412,27,1,0
BRDA:413,28,0,0
BRDA:413,28,1,1
BRDA:414,29,0,0
BRDA:414,29,1,1
BRDA:417,30,0,0
BRDA:417,30,1,1
BRDA:419,31,0,0
BRDA:419,31,1,0
BRDA:428,32,0,1
BRDA:428,32,1,1
BRDA:430,33,0,1
BRDA:430,33,1,0
BRDA:433,34,0,0
BRDA:433,34,1,1
BRDA:438,35,0,1
BRDA:438,35,1,0
BRDA:449,36,0,0
BRDA:449,36,1,0
BRDA:450,37,0,0
BRDA:450,37,1,0
BRF:79
BRH:14
end_of_record
TN:
SF:src\widgets\resolvers\bindingResolver.ts
FN:28,resolveBinding
FN:71,resolveSimulated
FN:95,resolveReal
FN:180,resolveNodeRed
FN:186,(anonymous_4)
FN:194,(anonymous_5)
FN:217,findMetric
FN:232,(anonymous_7)
FN:237,noDataResult
FN:241,noDataRealResult
FN:245,errorResult
FNF:11
FNH:9
FNDA:11,resolveBinding
FNDA:2,resolveSimulated
FNDA:9,resolveReal
FNDA:6,resolveNodeRed
FNDA:6,(anonymous_4)
FNDA:5,(anonymous_5)
FNDA:3,findMetric
FNDA:3,(anonymous_7)
FNDA:0,noDataResult
FNDA:5,noDataRealResult
FNDA:0,errorResult
DA:33,11
DA:38,11
DA:40,0
DA:41,0
DA:47,0
DA:53,11
DA:54,2
DA:64,9
DA:76,2
DA:77,0
DA:82,2
DA:84,2
DA:85,2
DA:87,2
DA:101,9
DA:102,6
DA:106,3
DA:107,0
DA:110,3
DA:113,3
DA:114,0
DA:117,3
DA:120,3
DA:122,0
DA:123,0
DA:124,0
DA:125,0
DA:135,0
DA:145,3
DA:147,3
DA:148,0
DA:158,3
DA:159,3
DA:160,0
DA:161,0
DA:162,0
DA:166,3
DA:167,9
DA:168,9
DA:170,9
DA:185,6
DA:186,6
DA:189,6
DA:190,1
DA:193,5
DA:194,5
DA:197,6
DA:198,4
DA:201,1
DA:203,6
DA:221,3
DA:222,0
DA:225,3
DA:227,0
DA:231,3
DA:232,3
DA:234,3
DA:238,0
DA:242,5
DA:246,0
LF:60
LH:41
BRDA:38,0,0,0
BRDA:38,0,1,11
BRDA:40,1,0,0
BRDA:40,1,1,0
BRDA:53,2,0,2
BRDA:53,2,1,9
BRDA:76,3,0,0
BRDA:76,3,1,2
BRDA:76,4,0,2
BRDA:76,4,1,2
BRDA:82,5,0,0
BRDA:82,5,1,2
BRDA:84,6,0,2
BRDA:84,6,1,0
BRDA:101,7,0,6
BRDA:101,7,1,3
BRDA:101,8,0,9
BRDA:101,8,1,7
BRDA:106,9,0,0
BRDA:106,9,1,3
BRDA:113,10,0,0
BRDA:113,10,1,3
BRDA:120,11,0,0
BRDA:120,11,1,3
BRDA:122,12,0,0
BRDA:122,12,1,0
BRDA:124,13,0,0
BRDA:124,13,1,0
BRDA:127,14,0,0
BRDA:127,14,1,0
BRDA:147,15,0,0
BRDA:147,15,1,3
BRDA:147,16,0,3
BRDA:147,16,1,3
BRDA:159,17,0,0
BRDA:159,17,1,3
BRDA:159,18,0,3
BRDA:159,18,1,3
BRDA:159,18,2,0
BRDA:161,19,0,0
BRDA:161,19,1,0
BRDA:166,20,0,3
BRDA:166,20,1,0
BRDA:168,21,0,0
BRDA:168,21,1,3
BRDA:168,22,0,9
BRDA:168,22,1,0
BRDA:172,23,0,9
BRDA:172,23,1,0
BRDA:176,24,0,0
BRDA:176,24,1,3
BRDA:185,25,0,6
BRDA:185,25,1,0
BRDA:189,26,0,1
BRDA:189,26,1,5
BRDA:193,27,0,5
BRDA:193,27,1,0
BRDA:197,28,0,4
BRDA:197,28,1,2
BRDA:197,29,0,6
BRDA:197,29,1,4
BRDA:201,30,0,1
BRDA:201,30,1,0
BRDA:205,31,0,6
BRDA:205,31,1,0
BRDA:221,32,0,0
BRDA:221,32,1,3
BRDA:221,33,0,3
BRDA:221,33,1,3
BRDA:225,34,0,0
BRDA:225,34,1,3
BRDA:234,35,0,3
BRDA:234,35,1,0
BRF:73
BRH:41
end_of_record
TN:
SF:src\widgets\resolvers\hierarchyResolver.ts
FN:45,resolveHierarchyBinding
FN:73,(anonymous_1)
FN:80,(anonymous_2)
FN:132,collectDescendants
FN:138,(anonymous_4)
FN:153,aggregate
FN:156,(anonymous_6)
FN:158,(anonymous_7)
FN:166,noDataResult
FNF:9
FNH:0
FNDA:0,resolveHierarchyBinding
FNDA:0,(anonymous_1)
FNDA:0,(anonymous_2)
FNDA:0,collectDescendants
FNDA:0,(anonymous_4)
FNDA:0,aggregate
FNDA:0,(anonymous_6)
FNDA:0,(anonymous_7)
FNDA:0,noDataResult
DA:51,0
DA:54,0
DA:55,0
DA:58,0
DA:59,0
DA:60,0
DA:63,0
DA:66,0
DA:68,0
DA:69,0
DA:73,0
DA:76,0
DA:77,0
DA:79,0
DA:80,0
DA:81,0
DA:82,0
DA:84,0
DA:85,0
DA:87,0
DA:89,0
DA:92,0
DA:95,0
DA:97,0
DA:100,0
DA:103,0
DA:104,0
DA:109,0
DA:110,0
DA:114,0
DA:116,0
DA:133,0
DA:134,0
DA:136,0
DA:137,0
DA:138,0
DA:140,0
DA:141,0
DA:142,0
DA:146,0
DA:154,0
DA:156,0
DA:158,0
DA:160,0
DA:162,0
DA:167,0
LF:46
LH:0
BRDA:54,0,0,0
BRDA:54,0,1,0
BRDA:59,1,0,0
BRDA:59,1,1,0
BRDA:63,2,0,0
BRDA:63,2,1,0
BRDA:68,3,0,0
BRDA:68,3,1,0
BRDA:81,4,0,0
BRDA:81,4,1,0
BRDA:82,5,0,0
BRDA:82,5,1,0
BRDA:85,6,0,0
BRDA:85,6,1,0
BRDA:87,7,0,0
BRDA:87,7,1,0
BRDA:95,8,0,0
BRDA:95,8,1,0
BRDA:97,9,0,0
BRDA:97,9,1,0
BRDA:103,10,0,0
BRDA:103,10,1,0
BRDA:103,11,0,0
BRDA:103,11,1,0
BRDA:109,12,0,0
BRDA:109,12,1,0
BRDA:118,13,0,0
BRDA:118,13,1,0
BRDA:154,14,0,0
BRDA:154,14,1,0
BRDA:154,14,2,0
BRDA:154,14,3,0
BRF:32
BRH:0
end_of_record
TN:
SF:src\widgets\resolvers\thresholdEvaluator.ts
FN:37,evaluateThresholds
FN:60,(anonymous_1)
FN:61,(anonymous_2)
FN:81,toCardStatus
FNF:4
FNH:3
FNDA:6,evaluateThresholds
FNDA:4,(anonymous_1)
FNDA:0,(anonymous_2)
FNDA:1,toCardStatus
DA:41,6
DA:42,0
DA:45,6
DA:46,2
DA:52,4
DA:53,0
DA:59,4
DA:60,4
DA:61,0
DA:63,4
DA:64,0
DA:67,4
DA:68,4
DA:69,4
DA:73,0
DA:84,1
DA:85,0
DA:86,0
DA:89,1
LF:19
LH:12
BRDA:41,0,0,0
BRDA:41,0,1,6
BRDA:41,1,0,6
BRDA:41,1,1,6
BRDA:45,2,0,2
BRDA:45,2,1,4
BRDA:45,3,0,6
BRDA:45,3,1,4
BRDA:52,4,0,0
BRDA:52,4,1,4
BRDA:63,5,0,0
BRDA:63,5,1,4
BRDA:68,6,0,4
BRDA:68,6,1,0
BRDA:84,7,0,0
BRDA:84,7,1,0
BRDA:84,7,2,1
BRF:17
BRH:11
end_of_record
