TN:
SF:src\adapters\auth\auth.adapter.ts
FN:3,toAuthSession
FNF:1
FNH:1
FNDA:9,toAuthSession
DA:4,9
LF:1
LH:1
BRF:0
BRH:0
end_of_record
TN:
SF:src\components\auth\LoginOverlay.tsx
FN:17,LoginOverlay
FN:18,(anonymous_1)
FN:19,(anonymous_2)
FN:25,(anonymous_3)
FN:36,(anonymous_4)
FN:44,(anonymous_5)
FN:95,(anonymous_6)
FN:113,(anonymous_7)
FN:129,(anonymous_8)
FNF:9
FNH:8
FNDA:37,LoginOverlay
FNDA:37,(anonymous_1)
FNDA:37,(anonymous_2)
FNDA:5,(anonymous_3)
FNDA:1,(anonymous_4)
FNDA:3,(anonymous_5)
FNDA:0,(anonymous_6)
FNDA:12,(anonymous_7)
FNDA:15,(anonymous_8)
DA:11,1
DA:18,37
DA:19,37
DA:20,37
DA:21,37
DA:22,37
DA:23,37
DA:25,37
DA:26,5
DA:27,5
DA:30,0
DA:31,0
DA:32,0
DA:33,0
DA:36,37
DA:37,1
DA:38,1
DA:39,1
DA:40,1
DA:41,1
DA:44,37
DA:45,3
DA:47,3
DA:48,3
DA:50,3
DA:51,1
DA:52,1
DA:55,2
DA:56,2
DA:58,2
DA:60,2
DA:62,2
DA:63,1
DA:64,1
DA:67,1
DA:70,37
DA:72,37
DA:96,0
DA:97,0
DA:113,12
DA:129,15
LF:41
LH:35
BRDA:26,0,0,5
BRDA:26,0,1,0
BRDA:50,1,0,1
BRDA:50,1,1,2
BRDA:50,2,0,3
BRDA:50,2,1,2
BRDA:62,3,0,1
BRDA:62,3,1,1
BRDA:82,4,0,1
BRDA:82,4,1,36
BRDA:82,5,0,37
BRDA:82,5,1,1
BRDA:137,6,0,2
BRDA:137,6,1,34
BRDA:148,7,0,2
BRDA:148,7,1,34
BRF:16
BRH:15
end_of_record
TN:
SF:src\components\auth\RequirePermission.tsx
FN:12,RequirePermission
FN:13,(anonymous_1)
FN:14,(anonymous_2)
FN:15,(anonymous_3)
FNF:4
FNH:4
FNDA:4,RequirePermission
FNDA:4,(anonymous_1)
FNDA:4,(anonymous_2)
FNDA:4,(anonymous_3)
DA:13,4
DA:14,4
DA:15,4
DA:17,4
DA:18,1
DA:21,3
DA:22,1
DA:25,2
LF:8
LH:8
BRDA:17,0,0,1
BRDA:17,0,1,3
BRDA:21,1,0,1
BRDA:21,1,1,2
BRDA:21,2,0,3
BRDA:21,2,1,2
BRDA:25,3,0,2
BRDA:25,3,1,2
BRF:8
BRH:8
end_of_record
TN:
SF:src\services\auth\localAuth.service.ts
FN:39,authenticate
FN:45,(anonymous_1)
FNF:2
FNH:2
FNDA:12,authenticate
FNDA:16,(anonymous_1)
DA:8,9
DA:10,9
DA:40,12
DA:41,2
DA:44,10
DA:45,16
DA:48,10
DA:49,2
DA:52,8
LF:9
LH:9
BRDA:40,0,0,2
BRDA:40,0,1,10
BRDA:40,1,0,12
BRDA:40,1,1,11
BRDA:45,2,0,16
BRDA:45,2,1,10
BRDA:48,3,0,2
BRDA:48,3,1,8
BRF:8
BRH:8
end_of_record
TN:
SF:src\store\auth.store.ts
FN:28,(anonymous_0)
FN:33,(anonymous_1)
FN:56,(anonymous_2)
FN:63,(anonymous_3)
FN:68,(anonymous_4)
FN:69,(anonymous_5)
FN:70,(anonymous_6)
FN:70,(anonymous_7)
FNF:8
FNH:8
FNDA:8,(anonymous_0)
FNDA:7,(anonymous_1)
FNDA:1,(anonymous_2)
FNDA:3,(anonymous_3)
FNDA:8,(anonymous_4)
FNDA:15,(anonymous_5)
FNDA:9,(anonymous_6)
FNDA:9,(anonymous_7)
DA:8,8
DA:10,8
DA:26,8
DA:28,8
DA:34,7
DA:36,7
DA:38,7
DA:39,1
DA:45,1
DA:48,6
DA:54,6
DA:57,1
DA:64,3
DA:68,8
DA:69,15
DA:70,9
DA:71,9
DA:72,0
DA:75,9
DA:76,7
DA:79,9
DA:80,9
DA:81,9
LF:23
LH:22
BRDA:38,0,0,1
BRDA:38,0,1,6
BRDA:64,1,0,3
BRDA:64,1,1,0
BRDA:71,2,0,0
BRDA:71,2,1,9
BRDA:75,3,0,7
BRDA:75,3,1,2
BRDA:75,4,0,9
BRDA:75,4,1,2
BRF:10
BRH:8
end_of_record
